<?xml version="1.0" encoding="UTF-8"?>
<robot generator="Robot 6.1.1 (Python 3.10.0 on win32)" generated="20240930 16:56:21.908" rpa="false" schemaversion="4">
<suite id="s1" name="RCC BT1YL Seat  Sanity" source="d:\FCC&amp;RCC_Scripts\OFFShore\OffShore_Seat_fix's\RTAppsTools\RTAppsTools\Robot Test Cases\VCUMate\RCC\RCC_BT1YL_Seat _Sanity.robot">
<test id="s1-t1" name="1 C3614714_TC_Verify and Observe the Default HVAC Screen" line="11">
<kw name="Rtos Take Screenshot" library="RTOS_Keywords">
<doc>This function takes a screenshot of the QNX screen. It will automatically adjust the screen size based
on the DISPLAY you have defined on line 38.
Parameters: (These parameters are optional, and if you do not specify them, their values will be 0)
    start_y - The starting y coordinate of where you want the screenshot to start
    start_x - The starting x coordinate of where you want the screenshot to start</doc>
<msg timestamp="20240930 16:56:41.069" level="INFO">Added Vehicle Successfully</msg>
<msg timestamp="20240930 16:56:42.030" level="INFO">[chan 0] Opened sftp connection (server version 3)</msg>
<msg timestamp="20240930 16:56:42.036" level="INFO">Taking Screenshot</msg>
<msg timestamp="20240930 16:56:47.485" level="INFO">Screenshot Successful</msg>
<msg timestamp="20240930 16:56:50.515" level="INFO">stderr is:b"Pseudo-terminal will not be allocated because stdin is not a terminal.\r\nWarning: Permanently added '192.168.211.100' (RSA) to the list of known hosts.\r\nCould not chdir to home directory /root: No such file or directory\n"</msg>
<status status="PASS" starttime="20240930 16:56:41.069" endtime="20240930 16:56:50.515"/>
</kw>
<kw name="Tap Element Picture Crop" library="RTOS_Keywords">
<arg>RCC_BT1YL/RCC_BT1YL_HVAC_Coord.png</arg>
<arg>0.6</arg>
<arg>730</arg>
<arg>771</arg>
<arg>524</arg>
<arg>576</arg>
<doc>Function to narrow down the element you are trying to touch by cropping the screenshot image.
Parameters:
    element - Path to the image in your Images/References folder you are trying to tap
    threshold - decimal value match percentage between the reference image and the screenshot (0.4 = 40% match)
    y1 - Starting y-coordinate of your area of interest
    y2 - Ending y-coordinate of your area of interest
    x1 - Starting x-coordinate of your area of interest
    x2 - Ending x-coordinate of your area of interest
NOTE: Cut from the right or top side until the duplicate element is missing. This way the coordinates won't change</doc>
<msg timestamp="20240930 16:56:50.537" level="INFO">Searching 'C:\Users\meghanajyothi\AppData\Local\Programs\Python\Python310\Lib\site-packages\MIMAF\qnx\images\dynamic\screenshot.png' with reference image 'd:\FCC&amp;RCC_Scripts\OFFShore\OffShore_Seat_fix's\RTAppsTools\RTAppsTools\Images\References\RCC_BT1YL/RCC_BT1YL_HVAC_Coord.png' and returning coordinates:</msg>
<msg timestamp="20240930 16:56:50.539" level="INFO">Done writing rectangle area of interest</msg>
<msg timestamp="20240930 16:56:50.738" level="INFO">Reference image 'd:\FCC&amp;RCC_Scripts\OFFShore\OffShore_Seat_fix's\RTAppsTools\RTAppsTools\Images\References\RCC_BT1YL/RCC_BT1YL_HVAC_Coord.png' found in 'd:\FCC&amp;RCC_Scripts\OFFShore\OffShore_Seat_fix's\RTAppsTools\RTAppsTools\Images\Results\Tap_AOI.png' with threshold '0.6'</msg>
<msg timestamp="20240930 16:56:50.738" level="INFO">Coordinates of 'RCC_BT1YL/RCC_BT1YL_HVAC_Coord.png': 16, 15, 84, 86 (x, y, w, h)</msg>
<msg timestamp="20240930 16:56:50.738" level="INFO">Centered coordinates are: 58, 58 (x, y)</msg>
<msg timestamp="20240930 16:56:50.748" level="INFO">Tapping: 582, 788</msg>
<msg timestamp="20240930 16:56:50.748" level="INFO">Tapping on X:582 Y:788</msg>
<msg timestamp="20240930 16:56:52.771" level="INFO">Tap Successful</msg>
<status status="PASS" starttime="20240930 16:56:50.516" endtime="20240930 16:56:52.772"/>
</kw>
<kw name="Rtos Take Screenshot" library="RTOS_Keywords">
<doc>This function takes a screenshot of the QNX screen. It will automatically adjust the screen size based
on the DISPLAY you have defined on line 38.
Parameters: (These parameters are optional, and if you do not specify them, their values will be 0)
    start_y - The starting y coordinate of where you want the screenshot to start
    start_x - The starting x coordinate of where you want the screenshot to start</doc>
<msg timestamp="20240930 16:56:52.772" level="INFO">Added Vehicle Successfully</msg>
<msg timestamp="20240930 16:56:53.798" level="INFO">[chan 0] Opened sftp connection (server version 3)</msg>
<msg timestamp="20240930 16:56:53.800" level="INFO">Taking Screenshot</msg>
<msg timestamp="20240930 16:56:59.198" level="INFO">Screenshot Successful</msg>
<msg timestamp="20240930 16:57:02.210" level="INFO">stderr is:b"Pseudo-terminal will not be allocated because stdin is not a terminal.\r\nWarning: Permanently added '192.168.211.100' (RSA) to the list of known hosts.\r\nCould not chdir to home directory /root: No such file or directory\n"</msg>
<status status="PASS" starttime="20240930 16:56:52.772" endtime="20240930 16:57:02.210"/>
</kw>
<kw name="Compare Screenshots" library="RTOS_Keywords">
<arg>RCC_BT1YL/RCC_BT1YL_HVAC_Screen.png</arg>
<arg>0.95</arg>
<doc>Function to locate a given element on the screen and draw a box around it.
Parameters:
    ref_image_name - Path to the image in your Images/References folder you are trying to locate
    threshold - decimal value match percentage between the reference image and the screenshot (0.4 = 40% match)</doc>
<msg timestamp="20240930 16:57:02.286" level="INFO">Match Found!</msg>
<msg timestamp="20240930 16:57:02.286" level="INFO">Searching 'C:\Users\meghanajyothi\AppData\Local\Programs\Python\Python310\Lib\site-packages\MIMAF\qnx\images\dynamic\screenshot.png' with reference image 'd:\FCC&amp;RCC_Scripts\OFFShore\OffShore_Seat_fix's\RTAppsTools\RTAppsTools\Images\References\RCC_BT1YL/RCC_BT1YL_HVAC_Screen.png':
Reference image 'd:\FCC&amp;RCC_Scripts\OFFShore\OffShore_Seat_fix's\RTAppsTools\RTAppsTools\Images\References\RCC_BT1YL/RCC_BT1YL_HVAC_Screen.png' found in 'C:\Users\meghanajyothi\AppData\Local\Programs\Python\Python310\Lib\site-packages\MIMAF\qnx\images\dynamic\screenshot.png' with threshold '0.95'
Saved result image to d:\FCC&amp;RCC_Scripts\OFFShore\OffShore_Seat_fix's\RTAppsTools\RTAppsTools\Images\Results\Comparison_Result.png</msg>
<status status="PASS" starttime="20240930 16:57:02.210" endtime="20240930 16:57:02.286"/>
</kw>
<status status="PASS" starttime="20240930 16:56:41.069" endtime="20240930 16:57:02.286"/>
</test>
<test id="s1-t2" name="2 C3614715_TC_Verify and Observe when we set any seat available signal to Available SEAT and Wireless Charger icons in the App Tray" line="17">
<kw name="Rtos Take Screenshot" library="RTOS_Keywords">
<doc>This function takes a screenshot of the QNX screen. It will automatically adjust the screen size based
on the DISPLAY you have defined on line 38.
Parameters: (These parameters are optional, and if you do not specify them, their values will be 0)
    start_y - The starting y coordinate of where you want the screenshot to start
    start_x - The starting x coordinate of where you want the screenshot to start</doc>
<msg timestamp="20240930 16:57:02.290" level="INFO">Added Vehicle Successfully</msg>
<msg timestamp="20240930 16:57:03.249" level="INFO">[chan 0] Opened sftp connection (server version 3)</msg>
<msg timestamp="20240930 16:57:03.253" level="INFO">Taking Screenshot</msg>
<msg timestamp="20240930 16:57:08.690" level="INFO">Screenshot Successful</msg>
<msg timestamp="20240930 16:57:11.716" level="INFO">stderr is:b"Pseudo-terminal will not be allocated because stdin is not a terminal.\r\nWarning: Permanently added '192.168.211.100' (RSA) to the list of known hosts.\r\nCould not chdir to home directory /root: No such file or directory\n"</msg>
<status status="PASS" starttime="20240930 16:57:02.290" endtime="20240930 16:57:11.716"/>
</kw>
<kw name="Compare Screenshots" library="RTOS_Keywords">
<arg>RCC_BT1YL/RCC_BT1YL_HVAC_Screen.png</arg>
<arg>0.95</arg>
<doc>Function to locate a given element on the screen and draw a box around it.
Parameters:
    ref_image_name - Path to the image in your Images/References folder you are trying to locate
    threshold - decimal value match percentage between the reference image and the screenshot (0.4 = 40% match)</doc>
<msg timestamp="20240930 16:57:11.771" level="INFO">Match Found!</msg>
<msg timestamp="20240930 16:57:11.771" level="INFO">Searching 'C:\Users\meghanajyothi\AppData\Local\Programs\Python\Python310\Lib\site-packages\MIMAF\qnx\images\dynamic\screenshot.png' with reference image 'd:\FCC&amp;RCC_Scripts\OFFShore\OffShore_Seat_fix's\RTAppsTools\RTAppsTools\Images\References\RCC_BT1YL/RCC_BT1YL_HVAC_Screen.png':
Reference image 'd:\FCC&amp;RCC_Scripts\OFFShore\OffShore_Seat_fix's\RTAppsTools\RTAppsTools\Images\References\RCC_BT1YL/RCC_BT1YL_HVAC_Screen.png' found in 'C:\Users\meghanajyothi\AppData\Local\Programs\Python\Python310\Lib\site-packages\MIMAF\qnx\images\dynamic\screenshot.png' with threshold '0.95'
Saved result image to d:\FCC&amp;RCC_Scripts\OFFShore\OffShore_Seat_fix's\RTAppsTools\RTAppsTools\Images\Results\Comparison_Result.png</msg>
<status status="PASS" starttime="20240930 16:57:11.717" endtime="20240930 16:57:11.771"/>
</kw>
<kw name="Send Signal Ecomate" library="RTOS_Keywords">
<arg>StHdrstHrztlLRVirtCtlAval</arg>
<arg>1</arg>
<arg>1</arg>
<doc>Function to send a signal to your VCU through VehicleSimulator
Parameters:
    signal_name - The signal you want to send
    value - The value of the signal you want to send
    wait_time - the wait time after sending the signal</doc>
<msg timestamp="20240930 16:57:11.830" level="INFO">connecting with: ('127.0.0.1', 55555)</msg>
<msg timestamp="20240930 16:57:12.012" level="INFO">Connected: True</msg>
<msg timestamp="20240930 16:57:12.013" level="INFO">Sending payload:{'Type': 'Signal', 'Name': 'StHdrstHrztlLRVirtCtlAval', 'Value': '1', 'Periodic': False}</msg>
<status status="PASS" starttime="20240930 16:57:11.771" endtime="20240930 16:57:13.023"/>
</kw>
<kw name="Send Signal Ecomate" library="RTOS_Keywords">
<arg>StHdrstVertLRVirtCtlAval</arg>
<arg>1</arg>
<arg>1</arg>
<doc>Function to send a signal to your VCU through VehicleSimulator
Parameters:
    signal_name - The signal you want to send
    value - The value of the signal you want to send
    wait_time - the wait time after sending the signal</doc>
<msg timestamp="20240930 16:57:13.071" level="INFO">connecting with: ('127.0.0.1', 55555)</msg>
<msg timestamp="20240930 16:57:13.350" level="INFO">Connected: True</msg>
<msg timestamp="20240930 16:57:13.350" level="INFO">Sending payload:{'Type': 'Signal', 'Name': 'StHdrstVertLRVirtCtlAval', 'Value': '1', 'Periodic': False}</msg>
<status status="PASS" starttime="20240930 16:57:13.025" endtime="20240930 16:57:14.356"/>
</kw>
<kw name="Send Signal Ecomate" library="RTOS_Keywords">
<arg>StBkHrztlLRVirtCtlAval</arg>
<arg>1</arg>
<arg>1</arg>
<doc>Function to send a signal to your VCU through VehicleSimulator
Parameters:
    signal_name - The signal you want to send
    value - The value of the signal you want to send
    wait_time - the wait time after sending the signal</doc>
<msg timestamp="20240930 16:57:14.403" level="INFO">connecting with: ('127.0.0.1', 55555)</msg>
<msg timestamp="20240930 16:57:14.520" level="INFO">Connected: True</msg>
<msg timestamp="20240930 16:57:14.520" level="INFO">Sending payload:{'Type': 'Signal', 'Name': 'StBkHrztlLRVirtCtlAval', 'Value': '1', 'Periodic': False}</msg>
<status status="PASS" starttime="20240930 16:57:14.356" endtime="20240930 16:57:15.525"/>
</kw>
<kw name="Send Signal Ecomate" library="RTOS_Keywords">
<arg>StCushHrztlLRVirtCtlAval</arg>
<arg>1</arg>
<arg>1</arg>
<doc>Function to send a signal to your VCU through VehicleSimulator
Parameters:
    signal_name - The signal you want to send
    value - The value of the signal you want to send
    wait_time - the wait time after sending the signal</doc>
<msg timestamp="20240930 16:57:15.571" level="INFO">connecting with: ('127.0.0.1', 55555)</msg>
<msg timestamp="20240930 16:57:15.735" level="INFO">Connected: True</msg>
<msg timestamp="20240930 16:57:15.736" level="INFO">Sending payload:{'Type': 'Signal', 'Name': 'StCushHrztlLRVirtCtlAval', 'Value': '1', 'Periodic': False}</msg>
<status status="PASS" starttime="20240930 16:57:15.525" endtime="20240930 16:57:16.742"/>
</kw>
<kw name="Send Signal Ecomate" library="RTOS_Keywords">
<arg>StCushFrtVertLRVirtCtlAval</arg>
<arg>1</arg>
<arg>1</arg>
<doc>Function to send a signal to your VCU through VehicleSimulator
Parameters:
    signal_name - The signal you want to send
    value - The value of the signal you want to send
    wait_time - the wait time after sending the signal</doc>
<msg timestamp="20240930 16:57:16.788" level="INFO">connecting with: ('127.0.0.1', 55555)</msg>
<msg timestamp="20240930 16:57:16.901" level="INFO">Connected: True</msg>
<msg timestamp="20240930 16:57:16.901" level="INFO">Sending payload:{'Type': 'Signal', 'Name': 'StCushFrtVertLRVirtCtlAval', 'Value': '1', 'Periodic': False}</msg>
<status status="PASS" starttime="20240930 16:57:16.742" endtime="20240930 16:57:17.907"/>
</kw>
<kw name="Send Signal Ecomate" library="RTOS_Keywords">
<arg>StHdrstHrztlRRVirtCtlAval</arg>
<arg>1</arg>
<arg>1</arg>
<doc>Function to send a signal to your VCU through VehicleSimulator
Parameters:
    signal_name - The signal you want to send
    value - The value of the signal you want to send
    wait_time - the wait time after sending the signal</doc>
<msg timestamp="20240930 16:57:17.955" level="INFO">connecting with: ('127.0.0.1', 55555)</msg>
<msg timestamp="20240930 16:57:18.232" level="INFO">Connected: True</msg>
<msg timestamp="20240930 16:57:18.232" level="INFO">Sending payload:{'Type': 'Signal', 'Name': 'StHdrstHrztlRRVirtCtlAval', 'Value': '1', 'Periodic': False}</msg>
<status status="PASS" starttime="20240930 16:57:17.907" endtime="20240930 16:57:19.244"/>
</kw>
<kw name="Send Signal Ecomate" library="RTOS_Keywords">
<arg>StHdrstVertRRVirtCtlAval</arg>
<arg>1</arg>
<arg>1</arg>
<doc>Function to send a signal to your VCU through VehicleSimulator
Parameters:
    signal_name - The signal you want to send
    value - The value of the signal you want to send
    wait_time - the wait time after sending the signal</doc>
<msg timestamp="20240930 16:57:19.289" level="INFO">connecting with: ('127.0.0.1', 55555)</msg>
<msg timestamp="20240930 16:57:19.458" level="INFO">Connected: True</msg>
<msg timestamp="20240930 16:57:19.458" level="INFO">Sending payload:{'Type': 'Signal', 'Name': 'StHdrstVertRRVirtCtlAval', 'Value': '1', 'Periodic': False}</msg>
<status status="PASS" starttime="20240930 16:57:19.244" endtime="20240930 16:57:20.467"/>
</kw>
<kw name="Send Signal Ecomate" library="RTOS_Keywords">
<arg>StBkHrztlRRVirtCtlAval</arg>
<arg>1</arg>
<arg>1</arg>
<doc>Function to send a signal to your VCU through VehicleSimulator
Parameters:
    signal_name - The signal you want to send
    value - The value of the signal you want to send
    wait_time - the wait time after sending the signal</doc>
<msg timestamp="20240930 16:57:20.505" level="INFO">connecting with: ('127.0.0.1', 55555)</msg>
<msg timestamp="20240930 16:57:20.670" level="INFO">Connected: True</msg>
<msg timestamp="20240930 16:57:20.670" level="INFO">Sending payload:{'Type': 'Signal', 'Name': 'StBkHrztlRRVirtCtlAval', 'Value': '1', 'Periodic': False}</msg>
<status status="PASS" starttime="20240930 16:57:20.470" endtime="20240930 16:57:21.685"/>
</kw>
<kw name="Send Signal Ecomate" library="RTOS_Keywords">
<arg>StCushHrztlRRVirtCtlAval</arg>
<arg>1</arg>
<arg>1</arg>
<doc>Function to send a signal to your VCU through VehicleSimulator
Parameters:
    signal_name - The signal you want to send
    value - The value of the signal you want to send
    wait_time - the wait time after sending the signal</doc>
<msg timestamp="20240930 16:57:21.739" level="INFO">connecting with: ('127.0.0.1', 55555)</msg>
<msg timestamp="20240930 16:57:22.050" level="INFO">Connected: True</msg>
<msg timestamp="20240930 16:57:22.051" level="INFO">Sending payload:{'Type': 'Signal', 'Name': 'StCushHrztlRRVirtCtlAval', 'Value': '1', 'Periodic': False}</msg>
<status status="PASS" starttime="20240930 16:57:21.685" endtime="20240930 16:57:23.052"/>
</kw>
<kw name="Send Signal Ecomate" library="RTOS_Keywords">
<arg>StCushFrtVertRRVirtCtlAval</arg>
<arg>1</arg>
<arg>1</arg>
<doc>Function to send a signal to your VCU through VehicleSimulator
Parameters:
    signal_name - The signal you want to send
    value - The value of the signal you want to send
    wait_time - the wait time after sending the signal</doc>
<msg timestamp="20240930 16:57:23.104" level="INFO">connecting with: ('127.0.0.1', 55555)</msg>
<msg timestamp="20240930 16:57:23.298" level="INFO">Connected: True</msg>
<msg timestamp="20240930 16:57:23.298" level="INFO">Sending payload:{'Type': 'Signal', 'Name': 'StCushFrtVertRRVirtCtlAval', 'Value': '1', 'Periodic': False}</msg>
<status status="PASS" starttime="20240930 16:57:23.052" endtime="20240930 16:57:24.323"/>
</kw>
<kw name="Send Signal Ecomate" library="RTOS_Keywords">
<arg>StUpprShldrHrztlLRVirtCtlAval</arg>
<arg>1</arg>
<arg>1</arg>
<doc>Function to send a signal to your VCU through VehicleSimulator
Parameters:
    signal_name - The signal you want to send
    value - The value of the signal you want to send
    wait_time - the wait time after sending the signal</doc>
<msg timestamp="20240930 16:57:24.389" level="INFO">connecting with: ('127.0.0.1', 55555)</msg>
<msg timestamp="20240930 16:57:24.571" level="INFO">Connected: True</msg>
<msg timestamp="20240930 16:57:24.571" level="INFO">Sending payload:{'Type': 'Signal', 'Name': 'StUpprShldrHrztlLRVirtCtlAval', 'Value': '1', 'Periodic': False}</msg>
<status status="PASS" starttime="20240930 16:57:24.323" endtime="20240930 16:57:25.581"/>
</kw>
<kw name="Send Signal Ecomate" library="RTOS_Keywords">
<arg>StBkLumbHrztlLRVirtCtlAval</arg>
<arg>1</arg>
<arg>1</arg>
<doc>Function to send a signal to your VCU through VehicleSimulator
Parameters:
    signal_name - The signal you want to send
    value - The value of the signal you want to send
    wait_time - the wait time after sending the signal</doc>
<msg timestamp="20240930 16:57:25.624" level="INFO">connecting with: ('127.0.0.1', 55555)</msg>
<msg timestamp="20240930 16:57:25.741" level="INFO">Connected: True</msg>
<msg timestamp="20240930 16:57:25.741" level="INFO">Sending payload:{'Type': 'Signal', 'Name': 'StBkLumbHrztlLRVirtCtlAval', 'Value': '1', 'Periodic': False}</msg>
<status status="PASS" starttime="20240930 16:57:25.581" endtime="20240930 16:57:26.753"/>
</kw>
<kw name="Send Signal Ecomate" library="RTOS_Keywords">
<arg>StBkLumbVertLRVirtCtlAval</arg>
<arg>1</arg>
<arg>1</arg>
<doc>Function to send a signal to your VCU through VehicleSimulator
Parameters:
    signal_name - The signal you want to send
    value - The value of the signal you want to send
    wait_time - the wait time after sending the signal</doc>
<msg timestamp="20240930 16:57:26.791" level="INFO">connecting with: ('127.0.0.1', 55555)</msg>
<msg timestamp="20240930 16:57:27.053" level="INFO">Connected: True</msg>
<msg timestamp="20240930 16:57:27.053" level="INFO">Sending payload:{'Type': 'Signal', 'Name': 'StBkLumbVertLRVirtCtlAval', 'Value': '1', 'Periodic': False}</msg>
<status status="PASS" starttime="20240930 16:57:26.753" endtime="20240930 16:57:28.065"/>
</kw>
<kw name="Send Signal Ecomate" library="RTOS_Keywords">
<arg>StBkSdBolsLRVirtCtlAval</arg>
<arg>1</arg>
<arg>1</arg>
<doc>Function to send a signal to your VCU through VehicleSimulator
Parameters:
    signal_name - The signal you want to send
    value - The value of the signal you want to send
    wait_time - the wait time after sending the signal</doc>
<msg timestamp="20240930 16:57:28.107" level="INFO">connecting with: ('127.0.0.1', 55555)</msg>
<msg timestamp="20240930 16:57:28.266" level="INFO">Connected: True</msg>
<msg timestamp="20240930 16:57:28.266" level="INFO">Sending payload:{'Type': 'Signal', 'Name': 'StBkSdBolsLRVirtCtlAval', 'Value': '1', 'Periodic': False}</msg>
<status status="PASS" starttime="20240930 16:57:28.065" endtime="20240930 16:57:29.282"/>
</kw>
<kw name="Send Signal Ecomate" library="RTOS_Keywords">
<arg>StCushSdBolsLRVirtCtlAval</arg>
<arg>1</arg>
<arg>1</arg>
<doc>Function to send a signal to your VCU through VehicleSimulator
Parameters:
    signal_name - The signal you want to send
    value - The value of the signal you want to send
    wait_time - the wait time after sending the signal</doc>
<msg timestamp="20240930 16:57:29.325" level="INFO">connecting with: ('127.0.0.1', 55555)</msg>
<msg timestamp="20240930 16:57:29.472" level="INFO">Connected: True</msg>
<msg timestamp="20240930 16:57:29.472" level="INFO">Sending payload:{'Type': 'Signal', 'Name': 'StCushSdBolsLRVirtCtlAval', 'Value': '1', 'Periodic': False}</msg>
<status status="PASS" starttime="20240930 16:57:29.282" endtime="20240930 16:57:30.484"/>
</kw>
<kw name="Send Signal Ecomate" library="RTOS_Keywords">
<arg>StCushLgthHrztlLRVirtCtlAval</arg>
<arg>1</arg>
<arg>1</arg>
<doc>Function to send a signal to your VCU through VehicleSimulator
Parameters:
    signal_name - The signal you want to send
    value - The value of the signal you want to send
    wait_time - the wait time after sending the signal</doc>
<msg timestamp="20240930 16:57:30.527" level="INFO">connecting with: ('127.0.0.1', 55555)</msg>
<msg timestamp="20240930 16:57:30.690" level="INFO">Connected: True</msg>
<msg timestamp="20240930 16:57:30.690" level="INFO">Sending payload:{'Type': 'Signal', 'Name': 'StCushLgthHrztlLRVirtCtlAval', 'Value': '1', 'Periodic': False}</msg>
<status status="PASS" starttime="20240930 16:57:30.488" endtime="20240930 16:57:31.701"/>
</kw>
<kw name="Send Signal Ecomate" library="RTOS_Keywords">
<arg>StUpprShldrHrztlRRVirtCtlAval</arg>
<arg>1</arg>
<arg>1</arg>
<doc>Function to send a signal to your VCU through VehicleSimulator
Parameters:
    signal_name - The signal you want to send
    value - The value of the signal you want to send
    wait_time - the wait time after sending the signal</doc>
<msg timestamp="20240930 16:57:31.823" level="INFO">connecting with: ('127.0.0.1', 55555)</msg>
<msg timestamp="20240930 16:57:31.947" level="INFO">Connected: True</msg>
<msg timestamp="20240930 16:57:31.947" level="INFO">Sending payload:{'Type': 'Signal', 'Name': 'StUpprShldrHrztlRRVirtCtlAval', 'Value': '1', 'Periodic': False}</msg>
<status status="PASS" starttime="20240930 16:57:31.701" endtime="20240930 16:57:32.951"/>
</kw>
<kw name="Send Signal Ecomate" library="RTOS_Keywords">
<arg>StBkLumbHrztlRRVirtCtlAval</arg>
<arg>1</arg>
<arg>1</arg>
<doc>Function to send a signal to your VCU through VehicleSimulator
Parameters:
    signal_name - The signal you want to send
    value - The value of the signal you want to send
    wait_time - the wait time after sending the signal</doc>
<msg timestamp="20240930 16:57:33.001" level="INFO">connecting with: ('127.0.0.1', 55555)</msg>
<msg timestamp="20240930 16:57:33.171" level="INFO">Connected: True</msg>
<msg timestamp="20240930 16:57:33.172" level="INFO">Sending payload:{'Type': 'Signal', 'Name': 'StBkLumbHrztlRRVirtCtlAval', 'Value': '1', 'Periodic': False}</msg>
<status status="PASS" starttime="20240930 16:57:32.951" endtime="20240930 16:57:34.183"/>
</kw>
<kw name="Send Signal Ecomate" library="RTOS_Keywords">
<arg>StBkLumbVertRRVirtCtlAval</arg>
<arg>1</arg>
<arg>1</arg>
<doc>Function to send a signal to your VCU through VehicleSimulator
Parameters:
    signal_name - The signal you want to send
    value - The value of the signal you want to send
    wait_time - the wait time after sending the signal</doc>
<msg timestamp="20240930 16:57:34.225" level="INFO">connecting with: ('127.0.0.1', 55555)</msg>
<msg timestamp="20240930 16:57:34.388" level="INFO">Connected: True</msg>
<msg timestamp="20240930 16:57:34.388" level="INFO">Sending payload:{'Type': 'Signal', 'Name': 'StBkLumbVertRRVirtCtlAval', 'Value': '1', 'Periodic': False}</msg>
<status status="PASS" starttime="20240930 16:57:34.186" endtime="20240930 16:57:35.410"/>
</kw>
<kw name="Send Signal Ecomate" library="RTOS_Keywords">
<arg>StBkSdBolsRRVirtCtlAval</arg>
<arg>1</arg>
<arg>1</arg>
<doc>Function to send a signal to your VCU through VehicleSimulator
Parameters:
    signal_name - The signal you want to send
    value - The value of the signal you want to send
    wait_time - the wait time after sending the signal</doc>
<msg timestamp="20240930 16:57:35.453" level="INFO">connecting with: ('127.0.0.1', 55555)</msg>
<msg timestamp="20240930 16:57:35.772" level="INFO">Connected: True</msg>
<msg timestamp="20240930 16:57:35.772" level="INFO">Sending payload:{'Type': 'Signal', 'Name': 'StBkSdBolsRRVirtCtlAval', 'Value': '1', 'Periodic': False}</msg>
<status status="PASS" starttime="20240930 16:57:35.412" endtime="20240930 16:57:36.774"/>
</kw>
<kw name="Send Signal Ecomate" library="RTOS_Keywords">
<arg>StCushSdBolsRRVirtCtlAval</arg>
<arg>1</arg>
<arg>1</arg>
<doc>Function to send a signal to your VCU through VehicleSimulator
Parameters:
    signal_name - The signal you want to send
    value - The value of the signal you want to send
    wait_time - the wait time after sending the signal</doc>
<msg timestamp="20240930 16:57:36.815" level="INFO">connecting with: ('127.0.0.1', 55555)</msg>
<msg timestamp="20240930 16:57:36.974" level="INFO">Connected: True</msg>
<msg timestamp="20240930 16:57:36.974" level="INFO">Sending payload:{'Type': 'Signal', 'Name': 'StCushSdBolsRRVirtCtlAval', 'Value': '1', 'Periodic': False}</msg>
<status status="PASS" starttime="20240930 16:57:36.774" endtime="20240930 16:57:37.979"/>
</kw>
<kw name="Send Signal Ecomate" library="RTOS_Keywords">
<arg>StCushLgthHrztlRRVirtCtlAval</arg>
<arg>1</arg>
<arg>1</arg>
<doc>Function to send a signal to your VCU through VehicleSimulator
Parameters:
    signal_name - The signal you want to send
    value - The value of the signal you want to send
    wait_time - the wait time after sending the signal</doc>
<msg timestamp="20240930 16:57:38.026" level="INFO">connecting with: ('127.0.0.1', 55555)</msg>
<msg timestamp="20240930 16:57:38.191" level="INFO">Connected: True</msg>
<msg timestamp="20240930 16:57:38.191" level="INFO">Sending payload:{'Type': 'Signal', 'Name': 'StCushLgthHrztlRRVirtCtlAval', 'Value': '1', 'Periodic': False}</msg>
<status status="PASS" starttime="20240930 16:57:37.979" endtime="20240930 16:57:39.191"/>
</kw>
<kw name="Send Signal Ecomate" library="RTOS_Keywords">
<arg>StBkHrztlRFCtlFrmRrVirtCtlAval</arg>
<arg>1</arg>
<arg>1</arg>
<doc>Function to send a signal to your VCU through VehicleSimulator
Parameters:
    signal_name - The signal you want to send
    value - The value of the signal you want to send
    wait_time - the wait time after sending the signal</doc>
<msg timestamp="20240930 16:57:39.243" level="INFO">connecting with: ('127.0.0.1', 55555)</msg>
<msg timestamp="20240930 16:57:39.391" level="INFO">Connected: True</msg>
<msg timestamp="20240930 16:57:39.391" level="INFO">Sending payload:{'Type': 'Signal', 'Name': 'StBkHrztlRFCtlFrmRrVirtCtlAval', 'Value': '1', 'Periodic': False}</msg>
<status status="PASS" starttime="20240930 16:57:39.191" endtime="20240930 16:57:40.405"/>
</kw>
<kw name="Send Signal Ecomate" library="RTOS_Keywords">
<arg>StCushHrztlRFCtlFrmRrVirtCtlAvl</arg>
<arg>1</arg>
<arg>1</arg>
<doc>Function to send a signal to your VCU through VehicleSimulator
Parameters:
    signal_name - The signal you want to send
    value - The value of the signal you want to send
    wait_time - the wait time after sending the signal</doc>
<msg timestamp="20240930 16:57:40.460" level="INFO">connecting with: ('127.0.0.1', 55555)</msg>
<msg timestamp="20240930 16:57:40.771" level="INFO">Connected: True</msg>
<msg timestamp="20240930 16:57:40.772" level="INFO">Sending payload:{'Type': 'Signal', 'Name': 'StCushHrztlRFCtlFrmRrVirtCtlAvl', 'Value': '1', 'Periodic': False}</msg>
<status status="PASS" starttime="20240930 16:57:40.410" endtime="20240930 16:57:41.785"/>
</kw>
<kw name="Send Signal Ecomate" library="RTOS_Keywords">
<arg>StMasgTyp1LRVirtCtlAval</arg>
<arg>1</arg>
<arg>1</arg>
<doc>Function to send a signal to your VCU through VehicleSimulator
Parameters:
    signal_name - The signal you want to send
    value - The value of the signal you want to send
    wait_time - the wait time after sending the signal</doc>
<msg timestamp="20240930 16:57:41.850" level="INFO">connecting with: ('127.0.0.1', 55555)</msg>
<msg timestamp="20240930 16:57:42.068" level="INFO">Connected: True</msg>
<msg timestamp="20240930 16:57:42.068" level="INFO">Sending payload:{'Type': 'Signal', 'Name': 'StMasgTyp1LRVirtCtlAval', 'Value': '1', 'Periodic': False}</msg>
<status status="PASS" starttime="20240930 16:57:41.790" endtime="20240930 16:57:43.074"/>
</kw>
<kw name="Send Signal Ecomate" library="RTOS_Keywords">
<arg>StMasgTyp2LRVirtCtlAval</arg>
<arg>1</arg>
<arg>1</arg>
<doc>Function to send a signal to your VCU through VehicleSimulator
Parameters:
    signal_name - The signal you want to send
    value - The value of the signal you want to send
    wait_time - the wait time after sending the signal</doc>
<msg timestamp="20240930 16:57:43.127" level="INFO">connecting with: ('127.0.0.1', 55555)</msg>
<msg timestamp="20240930 16:57:43.342" level="INFO">Connected: True</msg>
<msg timestamp="20240930 16:57:43.342" level="INFO">Sending payload:{'Type': 'Signal', 'Name': 'StMasgTyp2LRVirtCtlAval', 'Value': '1', 'Periodic': False}</msg>
<status status="PASS" starttime="20240930 16:57:43.076" endtime="20240930 16:57:44.344"/>
</kw>
<kw name="Send Signal Ecomate" library="RTOS_Keywords">
<arg>StMasgTyp8LRVirtCtlAval</arg>
<arg>1</arg>
<arg>1</arg>
<doc>Function to send a signal to your VCU through VehicleSimulator
Parameters:
    signal_name - The signal you want to send
    value - The value of the signal you want to send
    wait_time - the wait time after sending the signal</doc>
<msg timestamp="20240930 16:57:44.442" level="INFO">connecting with: ('127.0.0.1', 55555)</msg>
<msg timestamp="20240930 16:57:44.822" level="INFO">Connected: True</msg>
<msg timestamp="20240930 16:57:44.822" level="INFO">Sending payload:{'Type': 'Signal', 'Name': 'StMasgTyp8LRVirtCtlAval', 'Value': '1', 'Periodic': False}</msg>
<status status="PASS" starttime="20240930 16:57:44.344" endtime="20240930 16:57:45.826"/>
</kw>
<kw name="Send Signal Ecomate" library="RTOS_Keywords">
<arg>StMasgTyp9LRVirtCtlAval</arg>
<arg>1</arg>
<arg>1</arg>
<doc>Function to send a signal to your VCU through VehicleSimulator
Parameters:
    signal_name - The signal you want to send
    value - The value of the signal you want to send
    wait_time - the wait time after sending the signal</doc>
<msg timestamp="20240930 16:57:45.894" level="INFO">connecting with: ('127.0.0.1', 55555)</msg>
<msg timestamp="20240930 16:57:46.071" level="INFO">Connected: True</msg>
<msg timestamp="20240930 16:57:46.071" level="INFO">Sending payload:{'Type': 'Signal', 'Name': 'StMasgTyp9LRVirtCtlAval', 'Value': '1', 'Periodic': False}</msg>
<status status="PASS" starttime="20240930 16:57:45.830" endtime="20240930 16:57:47.072"/>
</kw>
<kw name="Send Signal Ecomate" library="RTOS_Keywords">
<arg>StMasgTyp10LRVirtCtlAval</arg>
<arg>1</arg>
<arg>1</arg>
<doc>Function to send a signal to your VCU through VehicleSimulator
Parameters:
    signal_name - The signal you want to send
    value - The value of the signal you want to send
    wait_time - the wait time after sending the signal</doc>
<msg timestamp="20240930 16:57:47.170" level="INFO">connecting with: ('127.0.0.1', 55555)</msg>
<msg timestamp="20240930 16:57:47.421" level="INFO">Connected: True</msg>
<msg timestamp="20240930 16:57:47.421" level="INFO">Sending payload:{'Type': 'Signal', 'Name': 'StMasgTyp10LRVirtCtlAval', 'Value': '1', 'Periodic': False}</msg>
<status status="PASS" starttime="20240930 16:57:47.077" endtime="20240930 16:57:48.428"/>
</kw>
<kw name="Send Signal Ecomate" library="RTOS_Keywords">
<arg>StMasgTyp1RRVirtCtlAval</arg>
<arg>1</arg>
<arg>1</arg>
<doc>Function to send a signal to your VCU through VehicleSimulator
Parameters:
    signal_name - The signal you want to send
    value - The value of the signal you want to send
    wait_time - the wait time after sending the signal</doc>
<msg timestamp="20240930 16:57:48.504" level="INFO">connecting with: ('127.0.0.1', 55555)</msg>
<msg timestamp="20240930 16:57:48.751" level="INFO">Connected: True</msg>
<msg timestamp="20240930 16:57:48.751" level="INFO">Sending payload:{'Type': 'Signal', 'Name': 'StMasgTyp1RRVirtCtlAval', 'Value': '1', 'Periodic': False}</msg>
<status status="PASS" starttime="20240930 16:57:48.432" endtime="20240930 16:57:49.768"/>
</kw>
<kw name="Send Signal Ecomate" library="RTOS_Keywords">
<arg>StMasgTyp2RRVirtCtlAval</arg>
<arg>1</arg>
<arg>1</arg>
<doc>Function to send a signal to your VCU through VehicleSimulator
Parameters:
    signal_name - The signal you want to send
    value - The value of the signal you want to send
    wait_time - the wait time after sending the signal</doc>
<msg timestamp="20240930 16:57:49.828" level="INFO">connecting with: ('127.0.0.1', 55555)</msg>
<msg timestamp="20240930 16:57:50.201" level="INFO">Connected: True</msg>
<msg timestamp="20240930 16:57:50.201" level="INFO">Sending payload:{'Type': 'Signal', 'Name': 'StMasgTyp2RRVirtCtlAval', 'Value': '1', 'Periodic': False}</msg>
<status status="PASS" starttime="20240930 16:57:49.772" endtime="20240930 16:57:51.212"/>
</kw>
<kw name="Send Signal Ecomate" library="RTOS_Keywords">
<arg>StMasgTyp8RRVirtCtlAval</arg>
<arg>1</arg>
<arg>1</arg>
<doc>Function to send a signal to your VCU through VehicleSimulator
Parameters:
    signal_name - The signal you want to send
    value - The value of the signal you want to send
    wait_time - the wait time after sending the signal</doc>
<msg timestamp="20240930 16:57:51.284" level="INFO">connecting with: ('127.0.0.1', 55555)</msg>
<msg timestamp="20240930 16:57:51.490" level="INFO">Connected: True</msg>
<msg timestamp="20240930 16:57:51.490" level="INFO">Sending payload:{'Type': 'Signal', 'Name': 'StMasgTyp8RRVirtCtlAval', 'Value': '1', 'Periodic': False}</msg>
<status status="PASS" starttime="20240930 16:57:51.214" endtime="20240930 16:57:52.498"/>
</kw>
<kw name="Send Signal Ecomate" library="RTOS_Keywords">
<arg>StMasgTyp9RRVirtCtlAval</arg>
<arg>1</arg>
<arg>1</arg>
<doc>Function to send a signal to your VCU through VehicleSimulator
Parameters:
    signal_name - The signal you want to send
    value - The value of the signal you want to send
    wait_time - the wait time after sending the signal</doc>
<msg timestamp="20240930 16:57:52.545" level="INFO">connecting with: ('127.0.0.1', 55555)</msg>
<msg timestamp="20240930 16:57:52.762" level="INFO">Connected: True</msg>
<msg timestamp="20240930 16:57:52.762" level="INFO">Sending payload:{'Type': 'Signal', 'Name': 'StMasgTyp9RRVirtCtlAval', 'Value': '1', 'Periodic': False}</msg>
<status status="PASS" starttime="20240930 16:57:52.498" endtime="20240930 16:57:53.771"/>
</kw>
<kw name="Send Signal Ecomate" library="RTOS_Keywords">
<arg>StMasgTyp10RRVirtCtlAval</arg>
<arg>1</arg>
<arg>1</arg>
<doc>Function to send a signal to your VCU through VehicleSimulator
Parameters:
    signal_name - The signal you want to send
    value - The value of the signal you want to send
    wait_time - the wait time after sending the signal</doc>
<msg timestamp="20240930 16:57:53.829" level="INFO">connecting with: ('127.0.0.1', 55555)</msg>
<msg timestamp="20240930 16:57:54.073" level="INFO">Connected: True</msg>
<msg timestamp="20240930 16:57:54.073" level="INFO">Sending payload:{'Type': 'Signal', 'Name': 'StMasgTyp10RRVirtCtlAval', 'Value': '1', 'Periodic': False}</msg>
<status status="PASS" starttime="20240930 16:57:53.775" endtime="20240930 16:57:55.075"/>
</kw>
<kw name="Send Signal Ecomate" library="RTOS_Keywords">
<arg>StMemLRVirtCtlNumofExtPstnsAval</arg>
<arg>1</arg>
<arg>1</arg>
<doc>Function to send a signal to your VCU through VehicleSimulator
Parameters:
    signal_name - The signal you want to send
    value - The value of the signal you want to send
    wait_time - the wait time after sending the signal</doc>
<msg timestamp="20240930 16:57:55.270" level="INFO">connecting with: ('127.0.0.1', 55555)</msg>
<msg timestamp="20240930 16:57:55.472" level="INFO">Connected: True</msg>
<msg timestamp="20240930 16:57:55.472" level="INFO">Sending payload:{'Type': 'Signal', 'Name': 'StMemLRVirtCtlNumofExtPstnsAval', 'Value': '1', 'Periodic': False}</msg>
<status status="PASS" starttime="20240930 16:57:55.078" endtime="20240930 16:57:56.473"/>
</kw>
<kw name="Send Signal Ecomate" library="RTOS_Keywords">
<arg>StMemRRVirtCtlNumofExtPstnsAval</arg>
<arg>1</arg>
<arg>1</arg>
<doc>Function to send a signal to your VCU through VehicleSimulator
Parameters:
    signal_name - The signal you want to send
    value - The value of the signal you want to send
    wait_time - the wait time after sending the signal</doc>
<msg timestamp="20240930 16:57:56.530" level="INFO">connecting with: ('127.0.0.1', 55555)</msg>
<msg timestamp="20240930 16:57:56.797" level="INFO">Connected: True</msg>
<msg timestamp="20240930 16:57:56.797" level="INFO">Sending payload:{'Type': 'Signal', 'Name': 'StMemRRVirtCtlNumofExtPstnsAval', 'Value': '1', 'Periodic': False}</msg>
<status status="PASS" starttime="20240930 16:57:56.476" endtime="20240930 16:57:57.806"/>
</kw>
<kw name="Send Signal Ecomate" library="RTOS_Keywords">
<arg>StMemLRVirtCtlNumofMemPstnsAval</arg>
<arg>2</arg>
<arg>1</arg>
<doc>Function to send a signal to your VCU through VehicleSimulator
Parameters:
    signal_name - The signal you want to send
    value - The value of the signal you want to send
    wait_time - the wait time after sending the signal</doc>
<msg timestamp="20240930 16:57:57.846" level="INFO">connecting with: ('127.0.0.1', 55555)</msg>
<msg timestamp="20240930 16:57:58.072" level="INFO">Connected: True</msg>
<msg timestamp="20240930 16:57:58.072" level="INFO">Sending payload:{'Type': 'Signal', 'Name': 'StMemLRVirtCtlNumofMemPstnsAval', 'Value': '2', 'Periodic': False}</msg>
<status status="PASS" starttime="20240930 16:57:57.810" endtime="20240930 16:57:59.085"/>
</kw>
<kw name="Send Signal Ecomate" library="RTOS_Keywords">
<arg>StMemRRVirtCtlNumofMemPstnsAval</arg>
<arg>2</arg>
<arg>1</arg>
<doc>Function to send a signal to your VCU through VehicleSimulator
Parameters:
    signal_name - The signal you want to send
    value - The value of the signal you want to send
    wait_time - the wait time after sending the signal</doc>
<msg timestamp="20240930 16:57:59.167" level="INFO">connecting with: ('127.0.0.1', 55555)</msg>
<msg timestamp="20240930 16:57:59.482" level="INFO">Connected: True</msg>
<msg timestamp="20240930 16:57:59.482" level="INFO">Sending payload:{'Type': 'Signal', 'Name': 'StMemRRVirtCtlNumofMemPstnsAval', 'Value': '2', 'Periodic': False}</msg>
<status status="PASS" starttime="20240930 16:57:59.096" endtime="20240930 16:58:00.491"/>
</kw>
<kw name="Rtos Take Screenshot" library="RTOS_Keywords">
<doc>This function takes a screenshot of the QNX screen. It will automatically adjust the screen size based
on the DISPLAY you have defined on line 38.
Parameters: (These parameters are optional, and if you do not specify them, their values will be 0)
    start_y - The starting y coordinate of where you want the screenshot to start
    start_x - The starting x coordinate of where you want the screenshot to start</doc>
<msg timestamp="20240930 16:58:00.504" level="INFO">Added Vehicle Successfully</msg>
<msg timestamp="20240930 16:58:01.467" level="INFO">[chan 0] Opened sftp connection (server version 3)</msg>
<msg timestamp="20240930 16:58:01.471" level="INFO">Taking Screenshot</msg>
<msg timestamp="20240930 16:58:06.901" level="INFO">Screenshot Successful</msg>
<msg timestamp="20240930 16:58:09.920" level="INFO">stderr is:b"Pseudo-terminal will not be allocated because stdin is not a terminal.\r\nWarning: Permanently added '192.168.211.100' (RSA) to the list of known hosts.\r\nCould not chdir to home directory /root: No such file or directory\n"</msg>
<status status="PASS" starttime="20240930 16:58:00.492" endtime="20240930 16:58:09.920"/>
</kw>
<kw name="Compare Screenshots" library="RTOS_Keywords">
<arg>RCC_BT1YL/RCC_BT1YL_HVAC_Screenenable.png</arg>
<arg>0.95</arg>
<doc>Function to locate a given element on the screen and draw a box around it.
Parameters:
    ref_image_name - Path to the image in your Images/References folder you are trying to locate
    threshold - decimal value match percentage between the reference image and the screenshot (0.4 = 40% match)</doc>
<msg timestamp="20240930 16:58:10.063" level="INFO">Match Found!</msg>
<msg timestamp="20240930 16:58:10.063" level="INFO">Searching 'C:\Users\meghanajyothi\AppData\Local\Programs\Python\Python310\Lib\site-packages\MIMAF\qnx\images\dynamic\screenshot.png' with reference image 'd:\FCC&amp;RCC_Scripts\OFFShore\OffShore_Seat_fix's\RTAppsTools\RTAppsTools\Images\References\RCC_BT1YL/RCC_BT1YL_HVAC_Screenenable.png':
Reference image 'd:\FCC&amp;RCC_Scripts\OFFShore\OffShore_Seat_fix's\RTAppsTools\RTAppsTools\Images\References\RCC_BT1YL/RCC_BT1YL_HVAC_Screenenable.png' found in 'C:\Users\meghanajyothi\AppData\Local\Programs\Python\Python310\Lib\site-packages\MIMAF\qnx\images\dynamic\screenshot.png' with threshold '0.95'
Saved result image to d:\FCC&amp;RCC_Scripts\OFFShore\OffShore_Seat_fix's\RTAppsTools\RTAppsTools\Images\Results\Comparison_Result.png</msg>
<status status="PASS" starttime="20240930 16:58:09.920" endtime="20240930 16:58:10.063"/>
</kw>
<status status="PASS" starttime="20240930 16:57:02.286" endtime="20240930 16:58:10.063"/>
</test>
<test id="s1-t3" name="3 C3614716_TC_Verify and Observe the Screen Navigations between Screens" line="68">
<kw name="Rtos Take Screenshot" library="RTOS_Keywords">
<doc>This function takes a screenshot of the QNX screen. It will automatically adjust the screen size based
on the DISPLAY you have defined on line 38.
Parameters: (These parameters are optional, and if you do not specify them, their values will be 0)
    start_y - The starting y coordinate of where you want the screenshot to start
    start_x - The starting x coordinate of where you want the screenshot to start</doc>
<msg timestamp="20240930 16:58:10.069" level="INFO">Added Vehicle Successfully</msg>
<msg timestamp="20240930 16:58:11.066" level="INFO">[chan 0] Opened sftp connection (server version 3)</msg>
<msg timestamp="20240930 16:58:11.083" level="INFO">Taking Screenshot</msg>
<msg timestamp="20240930 16:58:16.517" level="INFO">Screenshot Successful</msg>
<msg timestamp="20240930 16:58:19.563" level="INFO">stderr is:b"Pseudo-terminal will not be allocated because stdin is not a terminal.\r\nWarning: Permanently added '192.168.211.100' (RSA) to the list of known hosts.\r\nCould not chdir to home directory /root: No such file or directory\n"</msg>
<status status="PASS" starttime="20240930 16:58:10.063" endtime="20240930 16:58:19.564"/>
</kw>
<kw name="Tap Element Picture Crop" library="RTOS_Keywords">
<arg>RCC_BT1YL/RCC_BT1YL_HVAC_Coord.png</arg>
<arg>0.8</arg>
<arg>738</arg>
<arg>761</arg>
<arg>406</arg>
<arg>438</arg>
<doc>Function to narrow down the element you are trying to touch by cropping the screenshot image.
Parameters:
    element - Path to the image in your Images/References folder you are trying to tap
    threshold - decimal value match percentage between the reference image and the screenshot (0.4 = 40% match)
    y1 - Starting y-coordinate of your area of interest
    y2 - Ending y-coordinate of your area of interest
    x1 - Starting x-coordinate of your area of interest
    x2 - Ending x-coordinate of your area of interest
NOTE: Cut from the right or top side until the duplicate element is missing. This way the coordinates won't change</doc>
<msg timestamp="20240930 16:58:19.594" level="INFO">Searching 'C:\Users\meghanajyothi\AppData\Local\Programs\Python\Python310\Lib\site-packages\MIMAF\qnx\images\dynamic\screenshot.png' with reference image 'd:\FCC&amp;RCC_Scripts\OFFShore\OffShore_Seat_fix's\RTAppsTools\RTAppsTools\Images\References\RCC_BT1YL/RCC_BT1YL_HVAC_Coord.png' and returning coordinates:</msg>
<msg timestamp="20240930 16:58:19.597" level="INFO">Done writing rectangle area of interest</msg>
<msg timestamp="20240930 16:58:19.643" level="INFO">Reference image 'd:\FCC&amp;RCC_Scripts\OFFShore\OffShore_Seat_fix's\RTAppsTools\RTAppsTools\Images\References\RCC_BT1YL/RCC_BT1YL_HVAC_Coord.png' found in 'd:\FCC&amp;RCC_Scripts\OFFShore\OffShore_Seat_fix's\RTAppsTools\RTAppsTools\Images\Results\Tap_AOI.png' with threshold '0.8'</msg>
<msg timestamp="20240930 16:58:19.643" level="INFO">Coordinates of 'RCC_BT1YL/RCC_BT1YL_HVAC_Coord.png': 24, 23, 84, 86 (x, y, w, h)</msg>
<msg timestamp="20240930 16:58:19.643" level="INFO">Centered coordinates are: 66, 66 (x, y)</msg>
<msg timestamp="20240930 16:58:19.643" level="INFO">Tapping: 472, 804</msg>
<msg timestamp="20240930 16:58:19.643" level="INFO">Tapping on X:472 Y:804</msg>
<msg timestamp="20240930 16:58:21.816" level="INFO">Tap Successful</msg>
<status status="PASS" starttime="20240930 16:58:19.564" endtime="20240930 16:58:21.817"/>
</kw>
<kw name="Tap Element Picture Crop" library="RTOS_Keywords">
<arg>RCC_BT1YL/RCC_BT1YL_Seat_app.png</arg>
<arg>0.8</arg>
<arg>731</arg>
<arg>779</arg>
<arg>657</arg>
<arg>692</arg>
<doc>Function to narrow down the element you are trying to touch by cropping the screenshot image.
Parameters:
    element - Path to the image in your Images/References folder you are trying to tap
    threshold - decimal value match percentage between the reference image and the screenshot (0.4 = 40% match)
    y1 - Starting y-coordinate of your area of interest
    y2 - Ending y-coordinate of your area of interest
    x1 - Starting x-coordinate of your area of interest
    x2 - Ending x-coordinate of your area of interest
NOTE: Cut from the right or top side until the duplicate element is missing. This way the coordinates won't change</doc>
<msg timestamp="20240930 16:58:21.837" level="INFO">Searching 'C:\Users\meghanajyothi\AppData\Local\Programs\Python\Python310\Lib\site-packages\MIMAF\qnx\images\dynamic\screenshot.png' with reference image 'd:\FCC&amp;RCC_Scripts\OFFShore\OffShore_Seat_fix's\RTAppsTools\RTAppsTools\Images\References\RCC_BT1YL/RCC_BT1YL_Seat_app.png' and returning coordinates:</msg>
<msg timestamp="20240930 16:58:21.839" level="INFO">Done writing rectangle area of interest</msg>
<msg timestamp="20240930 16:58:21.853" level="INFO">Reference image 'd:\FCC&amp;RCC_Scripts\OFFShore\OffShore_Seat_fix's\RTAppsTools\RTAppsTools\Images\References\RCC_BT1YL/RCC_BT1YL_Seat_app.png' found in 'd:\FCC&amp;RCC_Scripts\OFFShore\OffShore_Seat_fix's\RTAppsTools\RTAppsTools\Images\Results\Tap_AOI.png' with threshold '0.8'</msg>
<msg timestamp="20240930 16:58:21.853" level="INFO">Coordinates of 'RCC_BT1YL/RCC_BT1YL_Seat_app.png': 12, 5, 59, 59 (x, y, w, h)</msg>
<msg timestamp="20240930 16:58:21.853" level="INFO">Centered coordinates are: 42, 34 (x, y)</msg>
<msg timestamp="20240930 16:58:21.853" level="INFO">Tapping: 699, 765</msg>
<msg timestamp="20240930 16:58:21.853" level="INFO">Tapping on X:699 Y:765</msg>
<msg timestamp="20240930 16:58:24.076" level="INFO">Tap Successful</msg>
<status status="PASS" starttime="20240930 16:58:21.817" endtime="20240930 16:58:24.077"/>
</kw>
<kw name="Rtos Take Screenshot" library="RTOS_Keywords">
<arg>screenshot</arg>
<arg>[1920,200]</arg>
<arg>[0,0]</arg>
<doc>This function takes a screenshot of the QNX screen. It will automatically adjust the screen size based
on the DISPLAY you have defined on line 38.
Parameters: (These parameters are optional, and if you do not specify them, their values will be 0)
    start_y - The starting y coordinate of where you want the screenshot to start
    start_x - The starting x coordinate of where you want the screenshot to start</doc>
<msg timestamp="20240930 16:58:24.079" level="INFO">Added Vehicle Successfully</msg>
<msg timestamp="20240930 16:58:25.003" level="INFO">[chan 0] Opened sftp connection (server version 3)</msg>
<msg timestamp="20240930 16:58:25.018" level="INFO">Taking Screenshot</msg>
<msg timestamp="20240930 16:58:30.395" level="INFO">Screenshot Successful</msg>
<msg timestamp="20240930 16:58:33.400" level="INFO">stderr is:b"Pseudo-terminal will not be allocated because stdin is not a terminal.\r\nWarning: Permanently added '192.168.211.100' (RSA) to the list of known hosts.\r\nCould not chdir to home directory /root: No such file or directory\n"</msg>
<status status="PASS" starttime="20240930 16:58:24.077" endtime="20240930 16:58:33.400"/>
</kw>
<kw name="Verify Text List" library="RTOS_Keywords">
<arg>${Tab_Titles}</arg>
<msg timestamp="20240930 16:58:33.414" level="WARN">Neither CUDA nor MPS are available - defaulting to CPU. Note: This module is much faster with a GPU.</msg>
<msg timestamp="20240930 16:58:36.922" level="INFO">['Temperature', 'Massage', 'Position']</msg>
<msg timestamp="20240930 16:58:36.923" level="INFO">Verifying the presence of Temperature</msg>
<msg timestamp="20240930 16:58:36.923" level="INFO">([[94, 32], [357, 32], [357, 96], [94, 96]], 'Temperature', 0.9709867503823777)</msg>
<msg timestamp="20240930 16:58:36.923" level="INFO">Found Temperature</msg>
<msg timestamp="20240930 16:58:36.923" level="INFO">Temperature found on the screen.</msg>
<msg timestamp="20240930 16:58:36.924" level="INFO">Verifying the presence of Massage</msg>
<msg timestamp="20240930 16:58:36.924" level="INFO">([[94, 32], [357, 32], [357, 96], [94, 96]], 'Temperature', 0.9709867503823777)</msg>
<msg timestamp="20240930 16:58:36.924" level="INFO">([[583, 33], [772, 33], [772, 93], [583, 93]], 'Massage', 0.9999967108462834)</msg>
<msg timestamp="20240930 16:58:36.924" level="INFO">Found Massage</msg>
<msg timestamp="20240930 16:58:36.924" level="INFO">Massage found on the screen.</msg>
<msg timestamp="20240930 16:58:36.925" level="INFO">Verifying the presence of Position</msg>
<msg timestamp="20240930 16:58:36.925" level="INFO">([[94, 32], [357, 32], [357, 96], [94, 96]], 'Temperature', 0.9709867503823777)</msg>
<msg timestamp="20240930 16:58:36.925" level="INFO">([[583, 33], [772, 33], [772, 93], [583, 93]], 'Massage', 0.9999967108462834)</msg>
<msg timestamp="20240930 16:58:36.925" level="INFO">([[1045, 33], [1210, 33], [1210, 84], [1045, 84]], 'Position', 0.9999734051921056)</msg>
<msg timestamp="20240930 16:58:36.925" level="INFO">Found Position</msg>
<msg timestamp="20240930 16:58:36.925" level="INFO">Position found on the screen.</msg>
<msg timestamp="20240930 16:58:36.926" level="INFO">Found all elements!</msg>
<status status="PASS" starttime="20240930 16:58:33.400" endtime="20240930 16:58:36.926"/>
</kw>
<kw name="Tap Element" library="RTOS_Keywords">
<arg>Massage</arg>
<doc>Function to tap a word element on the screen given the element String
Parameters:
    element - The word/letters you are trying to tap</doc>
<msg timestamp="20240930 16:58:36.929" level="WARN">Neither CUDA nor MPS are available - defaulting to CPU. Note: This module is much faster with a GPU.</msg>
<msg timestamp="20240930 16:58:40.484" level="INFO">Attempting to tap Massage</msg>
<msg timestamp="20240930 16:58:40.484" level="INFO">([[94, 32], [357, 32], [357, 96], [94, 96]], 'Temperature', 0.9709867503823777)</msg>
<msg timestamp="20240930 16:58:40.484" level="INFO">([[583, 33], [772, 33], [772, 93], [583, 93]], 'Massage', 0.9999967108462834)</msg>
<msg timestamp="20240930 16:58:40.484" level="INFO">Found Massage</msg>
<msg timestamp="20240930 16:58:40.484" level="INFO">Massage found at coordinates [[583, 33], [772, 33], [772, 93], [583, 93]]</msg>
<msg timestamp="20240930 16:58:40.511" level="INFO">Failed to log following message properly: 677.5</msg>
<msg timestamp="20240930 16:58:40.512" level="INFO">Tapping on X:677.5 Y:63.0</msg>
<msg timestamp="20240930 16:58:42.529" level="INFO">Tap Successful</msg>
<status status="PASS" starttime="20240930 16:58:36.927" endtime="20240930 16:58:42.547"/>
</kw>
<kw name="Rtos Take Screenshot" library="RTOS_Keywords">
<doc>This function takes a screenshot of the QNX screen. It will automatically adjust the screen size based
on the DISPLAY you have defined on line 38.
Parameters: (These parameters are optional, and if you do not specify them, their values will be 0)
    start_y - The starting y coordinate of where you want the screenshot to start
    start_x - The starting x coordinate of where you want the screenshot to start</doc>
<msg timestamp="20240930 16:58:42.550" level="INFO">Added Vehicle Successfully</msg>
<msg timestamp="20240930 16:58:43.551" level="INFO">[chan 0] Opened sftp connection (server version 3)</msg>
<msg timestamp="20240930 16:58:43.556" level="INFO">Taking Screenshot</msg>
<msg timestamp="20240930 16:58:48.956" level="INFO">Screenshot Successful</msg>
<msg timestamp="20240930 16:58:51.982" level="INFO">stderr is:b"Pseudo-terminal will not be allocated because stdin is not a terminal.\r\nWarning: Permanently added '192.168.211.100' (RSA) to the list of known hosts.\r\nCould not chdir to home directory /root: No such file or directory\n"</msg>
<status status="PASS" starttime="20240930 16:58:42.549" endtime="20240930 16:58:51.982"/>
</kw>
<kw name="Compare Screenshots" library="RTOS_Keywords">
<arg>RCC_BT1YL/RCC_BT1YL_Seat_Massage_HomeScreen.png</arg>
<arg>0.95</arg>
<doc>Function to locate a given element on the screen and draw a box around it.
Parameters:
    ref_image_name - Path to the image in your Images/References folder you are trying to locate
    threshold - decimal value match percentage between the reference image and the screenshot (0.4 = 40% match)</doc>
<msg timestamp="20240930 16:58:52.123" level="INFO">Match Found!</msg>
<msg timestamp="20240930 16:58:52.123" level="INFO">Searching 'C:\Users\meghanajyothi\AppData\Local\Programs\Python\Python310\Lib\site-packages\MIMAF\qnx\images\dynamic\screenshot.png' with reference image 'd:\FCC&amp;RCC_Scripts\OFFShore\OffShore_Seat_fix's\RTAppsTools\RTAppsTools\Images\References\RCC_BT1YL/RCC_BT1YL_Seat_Massage_HomeScreen.png':
Reference image 'd:\FCC&amp;RCC_Scripts\OFFShore\OffShore_Seat_fix's\RTAppsTools\RTAppsTools\Images\References\RCC_BT1YL/RCC_BT1YL_Seat_Massage_HomeScreen.png' found in 'C:\Users\meghanajyothi\AppData\Local\Programs\Python\Python310\Lib\site-packages\MIMAF\qnx\images\dynamic\screenshot.png' with threshold '0.95'
Saved result image to d:\FCC&amp;RCC_Scripts\OFFShore\OffShore_Seat_fix's\RTAppsTools\RTAppsTools\Images\Results\Comparison_Result.png</msg>
<status status="PASS" starttime="20240930 16:58:51.982" endtime="20240930 16:58:52.123"/>
</kw>
<kw name="Tap Element Crop" library="RTOS_Keywords">
<arg>Right</arg>
<arg>304</arg>
<arg>355</arg>
<arg>1118</arg>
<arg>1232</arg>
<doc>Function to crop the screenshot in order to tap a word element on the screen given the element String
Parameters:
    element - The word/letters you are trying to verify is on the screen.
    y1 - Starting y-coordinate of your area of interest
    y2 - Ending y-coordinate of your area of interest
    x1 - Starting x-coordinate of your area of interest
    x2 - Ending x-coordinate of your area of interest</doc>
<msg timestamp="20240930 16:58:52.140" level="INFO">Done writing rectangle area of interest</msg>
<msg timestamp="20240930 16:58:52.141" level="WARN">Neither CUDA nor MPS are available - defaulting to CPU. Note: This module is much faster with a GPU.</msg>
<msg timestamp="20240930 16:58:54.417" level="INFO">Attempting to tap Right</msg>
<msg timestamp="20240930 16:58:54.417" level="INFO">([[0, 2], [112, 2], [112, 51], [0, 51]], 'Right', 0.9999888577815387)</msg>
<msg timestamp="20240930 16:58:54.418" level="INFO">Found Right</msg>
<msg timestamp="20240930 16:58:54.418" level="INFO">Right found at coordinates [[0, 2], [112, 2], [112, 51], [0, 51]]</msg>
<msg timestamp="20240930 16:58:54.418" level="INFO">Failed to log following message properly: 56.0</msg>
<msg timestamp="20240930 16:58:54.420" level="INFO">Tapping on X:1174.0 Y:330.5</msg>
<msg timestamp="20240930 16:58:56.439" level="INFO">Tap Successful</msg>
<msg timestamp="20240930 16:58:56.439" level="INFO">Tap Succesful</msg>
<status status="PASS" starttime="20240930 16:58:52.123" endtime="20240930 16:58:56.439"/>
</kw>
<kw name="Rtos Take Screenshot" library="RTOS_Keywords">
<doc>This function takes a screenshot of the QNX screen. It will automatically adjust the screen size based
on the DISPLAY you have defined on line 38.
Parameters: (These parameters are optional, and if you do not specify them, their values will be 0)
    start_y - The starting y coordinate of where you want the screenshot to start
    start_x - The starting x coordinate of where you want the screenshot to start</doc>
<msg timestamp="20240930 16:58:56.439" level="INFO">Added Vehicle Successfully</msg>
<msg timestamp="20240930 16:58:57.425" level="INFO">[chan 0] Opened sftp connection (server version 3)</msg>
<msg timestamp="20240930 16:58:57.437" level="INFO">Taking Screenshot</msg>
<msg timestamp="20240930 16:59:02.868" level="INFO">Screenshot Successful</msg>
<msg timestamp="20240930 16:59:05.885" level="INFO">stderr is:b"Pseudo-terminal will not be allocated because stdin is not a terminal.\r\nWarning: Permanently added '192.168.211.100' (RSA) to the list of known hosts.\r\nCould not chdir to home directory /root: No such file or directory\n"</msg>
<status status="PASS" starttime="20240930 16:58:56.439" endtime="20240930 16:59:05.885"/>
</kw>
<kw name="Compare Screenshots" library="RTOS_Keywords">
<arg>RCC_BT1YL/RCC_BT1YL_Seat_Massage_RightScreen.png</arg>
<arg>0.95</arg>
<doc>Function to locate a given element on the screen and draw a box around it.
Parameters:
    ref_image_name - Path to the image in your Images/References folder you are trying to locate
    threshold - decimal value match percentage between the reference image and the screenshot (0.4 = 40% match)</doc>
<msg timestamp="20240930 16:59:06.006" level="INFO">Match Found!</msg>
<msg timestamp="20240930 16:59:06.006" level="INFO">Searching 'C:\Users\meghanajyothi\AppData\Local\Programs\Python\Python310\Lib\site-packages\MIMAF\qnx\images\dynamic\screenshot.png' with reference image 'd:\FCC&amp;RCC_Scripts\OFFShore\OffShore_Seat_fix's\RTAppsTools\RTAppsTools\Images\References\RCC_BT1YL/RCC_BT1YL_Seat_Massage_RightScreen.png':
Reference image 'd:\FCC&amp;RCC_Scripts\OFFShore\OffShore_Seat_fix's\RTAppsTools\RTAppsTools\Images\References\RCC_BT1YL/RCC_BT1YL_Seat_Massage_RightScreen.png' found in 'C:\Users\meghanajyothi\AppData\Local\Programs\Python\Python310\Lib\site-packages\MIMAF\qnx\images\dynamic\screenshot.png' with threshold '0.95'
Saved result image to d:\FCC&amp;RCC_Scripts\OFFShore\OffShore_Seat_fix's\RTAppsTools\RTAppsTools\Images\Results\Comparison_Result.png</msg>
<status status="PASS" starttime="20240930 16:59:05.885" endtime="20240930 16:59:06.006"/>
</kw>
<kw name="Rtos Take Screenshot" library="RTOS_Keywords">
<doc>This function takes a screenshot of the QNX screen. It will automatically adjust the screen size based
on the DISPLAY you have defined on line 38.
Parameters: (These parameters are optional, and if you do not specify them, their values will be 0)
    start_y - The starting y coordinate of where you want the screenshot to start
    start_x - The starting x coordinate of where you want the screenshot to start</doc>
<msg timestamp="20240930 16:59:06.006" level="INFO">Added Vehicle Successfully</msg>
<msg timestamp="20240930 16:59:06.975" level="INFO">[chan 0] Opened sftp connection (server version 3)</msg>
<msg timestamp="20240930 16:59:06.975" level="INFO">Taking Screenshot</msg>
<msg timestamp="20240930 16:59:12.411" level="INFO">Screenshot Successful</msg>
<msg timestamp="20240930 16:59:15.423" level="INFO">stderr is:b"Pseudo-terminal will not be allocated because stdin is not a terminal.\r\nWarning: Permanently added '192.168.211.100' (RSA) to the list of known hosts.\r\nCould not chdir to home directory /root: No such file or directory\n"</msg>
<status status="PASS" starttime="20240930 16:59:06.006" endtime="20240930 16:59:15.423"/>
</kw>
<kw name="Tap Element Crop" library="RTOS_Keywords">
<arg>Left</arg>
<arg>302</arg>
<arg>357</arg>
<arg>136</arg>
<arg>231</arg>
<doc>Function to crop the screenshot in order to tap a word element on the screen given the element String
Parameters:
    element - The word/letters you are trying to verify is on the screen.
    y1 - Starting y-coordinate of your area of interest
    y2 - Ending y-coordinate of your area of interest
    x1 - Starting x-coordinate of your area of interest
    x2 - Ending x-coordinate of your area of interest</doc>
<msg timestamp="20240930 16:59:15.459" level="INFO">Done writing rectangle area of interest</msg>
<msg timestamp="20240930 16:59:15.461" level="WARN">Neither CUDA nor MPS are available - defaulting to CPU. Note: This module is much faster with a GPU.</msg>
<msg timestamp="20240930 16:59:17.554" level="INFO">Attempting to tap Left</msg>
<msg timestamp="20240930 16:59:17.554" level="INFO">([[2, 4], [90, 4], [90, 52], [2, 52]], 'Left', 0.9999936819076538)</msg>
<msg timestamp="20240930 16:59:17.554" level="INFO">Found Left</msg>
<msg timestamp="20240930 16:59:17.554" level="INFO">Left found at coordinates [[2, 4], [90, 4], [90, 52], [2, 52]]</msg>
<msg timestamp="20240930 16:59:17.554" level="INFO">Failed to log following message properly: 46.0</msg>
<msg timestamp="20240930 16:59:17.554" level="INFO">Tapping on X:182.0 Y:330.0</msg>
<msg timestamp="20240930 16:59:19.605" level="INFO">Tap Successful</msg>
<msg timestamp="20240930 16:59:19.605" level="INFO">Tap Succesful</msg>
<status status="PASS" starttime="20240930 16:59:15.439" endtime="20240930 16:59:19.605"/>
</kw>
<kw name="Rtos Take Screenshot" library="RTOS_Keywords">
<doc>This function takes a screenshot of the QNX screen. It will automatically adjust the screen size based
on the DISPLAY you have defined on line 38.
Parameters: (These parameters are optional, and if you do not specify them, their values will be 0)
    start_y - The starting y coordinate of where you want the screenshot to start
    start_x - The starting x coordinate of where you want the screenshot to start</doc>
<msg timestamp="20240930 16:59:19.607" level="INFO">Added Vehicle Successfully</msg>
<msg timestamp="20240930 16:59:20.599" level="INFO">[chan 0] Opened sftp connection (server version 3)</msg>
<msg timestamp="20240930 16:59:20.616" level="INFO">Taking Screenshot</msg>
<msg timestamp="20240930 16:59:26.026" level="INFO">Screenshot Successful</msg>
<msg timestamp="20240930 16:59:29.044" level="INFO">stderr is:b"Pseudo-terminal will not be allocated because stdin is not a terminal.\r\nWarning: Permanently added '192.168.211.100' (RSA) to the list of known hosts.\r\nCould not chdir to home directory /root: No such file or directory\n"</msg>
<status status="PASS" starttime="20240930 16:59:19.605" endtime="20240930 16:59:29.044"/>
</kw>
<kw name="Compare Screenshots" library="RTOS_Keywords">
<arg>RCC_BT1YL/RCC_BT1YL_Seat_Massage_HomeScreen.png</arg>
<arg>0.95</arg>
<doc>Function to locate a given element on the screen and draw a box around it.
Parameters:
    ref_image_name - Path to the image in your Images/References folder you are trying to locate
    threshold - decimal value match percentage between the reference image and the screenshot (0.4 = 40% match)</doc>
<msg timestamp="20240930 16:59:29.116" level="INFO">Match Found!</msg>
<msg timestamp="20240930 16:59:29.116" level="INFO">Searching 'C:\Users\meghanajyothi\AppData\Local\Programs\Python\Python310\Lib\site-packages\MIMAF\qnx\images\dynamic\screenshot.png' with reference image 'd:\FCC&amp;RCC_Scripts\OFFShore\OffShore_Seat_fix's\RTAppsTools\RTAppsTools\Images\References\RCC_BT1YL/RCC_BT1YL_Seat_Massage_HomeScreen.png':
Reference image 'd:\FCC&amp;RCC_Scripts\OFFShore\OffShore_Seat_fix's\RTAppsTools\RTAppsTools\Images\References\RCC_BT1YL/RCC_BT1YL_Seat_Massage_HomeScreen.png' found in 'C:\Users\meghanajyothi\AppData\Local\Programs\Python\Python310\Lib\site-packages\MIMAF\qnx\images\dynamic\screenshot.png' with threshold '0.95'
Saved result image to d:\FCC&amp;RCC_Scripts\OFFShore\OffShore_Seat_fix's\RTAppsTools\RTAppsTools\Images\Results\Comparison_Result.png</msg>
<status status="PASS" starttime="20240930 16:59:29.044" endtime="20240930 16:59:29.116"/>
</kw>
<status status="PASS" starttime="20240930 16:58:10.063" endtime="20240930 16:59:29.118"/>
</test>
<test id="s1-t4" name="4 C3614717_TC_Verify and Observe the Position Screen" line="86">
<kw name="Rtos Take Screenshot" library="RTOS_Keywords">
<doc>This function takes a screenshot of the QNX screen. It will automatically adjust the screen size based
on the DISPLAY you have defined on line 38.
Parameters: (These parameters are optional, and if you do not specify them, their values will be 0)
    start_y - The starting y coordinate of where you want the screenshot to start
    start_x - The starting x coordinate of where you want the screenshot to start</doc>
<msg timestamp="20240930 16:59:29.118" level="INFO">Added Vehicle Successfully</msg>
<msg timestamp="20240930 16:59:30.114" level="INFO">[chan 0] Opened sftp connection (server version 3)</msg>
<msg timestamp="20240930 16:59:30.122" level="INFO">Taking Screenshot</msg>
<msg timestamp="20240930 16:59:35.526" level="INFO">Screenshot Successful</msg>
<msg timestamp="20240930 16:59:38.538" level="INFO">stderr is:b"Pseudo-terminal will not be allocated because stdin is not a terminal.\r\nWarning: Permanently added '192.168.211.100' (RSA) to the list of known hosts.\r\nCould not chdir to home directory /root: No such file or directory\n"</msg>
<status status="PASS" starttime="20240930 16:59:29.118" endtime="20240930 16:59:38.549"/>
</kw>
<kw name="Tap Element Picture Crop" library="RTOS_Keywords">
<arg>RCC_BT1YL/RCC_BT1YL_HVAC_Coord.png</arg>
<arg>0.8</arg>
<arg>738</arg>
<arg>761</arg>
<arg>406</arg>
<arg>438</arg>
<doc>Function to narrow down the element you are trying to touch by cropping the screenshot image.
Parameters:
    element - Path to the image in your Images/References folder you are trying to tap
    threshold - decimal value match percentage between the reference image and the screenshot (0.4 = 40% match)
    y1 - Starting y-coordinate of your area of interest
    y2 - Ending y-coordinate of your area of interest
    x1 - Starting x-coordinate of your area of interest
    x2 - Ending x-coordinate of your area of interest
NOTE: Cut from the right or top side until the duplicate element is missing. This way the coordinates won't change</doc>
<msg timestamp="20240930 16:59:38.570" level="INFO">Searching 'C:\Users\meghanajyothi\AppData\Local\Programs\Python\Python310\Lib\site-packages\MIMAF\qnx\images\dynamic\screenshot.png' with reference image 'd:\FCC&amp;RCC_Scripts\OFFShore\OffShore_Seat_fix's\RTAppsTools\RTAppsTools\Images\References\RCC_BT1YL/RCC_BT1YL_HVAC_Coord.png' and returning coordinates:</msg>
<msg timestamp="20240930 16:59:38.571" level="INFO">Done writing rectangle area of interest</msg>
<msg timestamp="20240930 16:59:38.592" level="INFO">Reference image 'd:\FCC&amp;RCC_Scripts\OFFShore\OffShore_Seat_fix's\RTAppsTools\RTAppsTools\Images\References\RCC_BT1YL/RCC_BT1YL_HVAC_Coord.png' found in 'd:\FCC&amp;RCC_Scripts\OFFShore\OffShore_Seat_fix's\RTAppsTools\RTAppsTools\Images\Results\Tap_AOI.png' with threshold '0.8'</msg>
<msg timestamp="20240930 16:59:38.599" level="INFO">Coordinates of 'RCC_BT1YL/RCC_BT1YL_HVAC_Coord.png': 24, 23, 84, 86 (x, y, w, h)</msg>
<msg timestamp="20240930 16:59:38.599" level="INFO">Centered coordinates are: 66, 66 (x, y)</msg>
<msg timestamp="20240930 16:59:38.599" level="INFO">Tapping: 472, 804</msg>
<msg timestamp="20240930 16:59:38.599" level="INFO">Tapping on X:472 Y:804</msg>
<msg timestamp="20240930 16:59:40.798" level="INFO">Tap Successful</msg>
<status status="PASS" starttime="20240930 16:59:38.551" endtime="20240930 16:59:40.798"/>
</kw>
<kw name="Tap Element Picture Crop" library="RTOS_Keywords">
<arg>RCC_BT1YL/RCC_BT1YL_Seat_app.png</arg>
<arg>0.8</arg>
<arg>731</arg>
<arg>779</arg>
<arg>657</arg>
<arg>692</arg>
<doc>Function to narrow down the element you are trying to touch by cropping the screenshot image.
Parameters:
    element - Path to the image in your Images/References folder you are trying to tap
    threshold - decimal value match percentage between the reference image and the screenshot (0.4 = 40% match)
    y1 - Starting y-coordinate of your area of interest
    y2 - Ending y-coordinate of your area of interest
    x1 - Starting x-coordinate of your area of interest
    x2 - Ending x-coordinate of your area of interest
NOTE: Cut from the right or top side until the duplicate element is missing. This way the coordinates won't change</doc>
<msg timestamp="20240930 16:59:40.808" level="INFO">Searching 'C:\Users\meghanajyothi\AppData\Local\Programs\Python\Python310\Lib\site-packages\MIMAF\qnx\images\dynamic\screenshot.png' with reference image 'd:\FCC&amp;RCC_Scripts\OFFShore\OffShore_Seat_fix's\RTAppsTools\RTAppsTools\Images\References\RCC_BT1YL/RCC_BT1YL_Seat_app.png' and returning coordinates:</msg>
<msg timestamp="20240930 16:59:40.810" level="INFO">Done writing rectangle area of interest</msg>
<msg timestamp="20240930 16:59:40.826" level="INFO">Reference image 'd:\FCC&amp;RCC_Scripts\OFFShore\OffShore_Seat_fix's\RTAppsTools\RTAppsTools\Images\References\RCC_BT1YL/RCC_BT1YL_Seat_app.png' found in 'd:\FCC&amp;RCC_Scripts\OFFShore\OffShore_Seat_fix's\RTAppsTools\RTAppsTools\Images\Results\Tap_AOI.png' with threshold '0.8'</msg>
<msg timestamp="20240930 16:59:40.826" level="INFO">Coordinates of 'RCC_BT1YL/RCC_BT1YL_Seat_app.png': 12, 5, 59, 59 (x, y, w, h)</msg>
<msg timestamp="20240930 16:59:40.826" level="INFO">Centered coordinates are: 42, 34 (x, y)</msg>
<msg timestamp="20240930 16:59:40.826" level="INFO">Tapping: 699, 765</msg>
<msg timestamp="20240930 16:59:40.826" level="INFO">Tapping on X:699 Y:765</msg>
<msg timestamp="20240930 16:59:43.038" level="INFO">Tap Successful</msg>
<status status="PASS" starttime="20240930 16:59:40.800" endtime="20240930 16:59:43.038"/>
</kw>
<kw name="Rtos Take Screenshot" library="RTOS_Keywords">
<arg>screenshot</arg>
<arg>[1920,200]</arg>
<arg>[0,0]</arg>
<doc>This function takes a screenshot of the QNX screen. It will automatically adjust the screen size based
on the DISPLAY you have defined on line 38.
Parameters: (These parameters are optional, and if you do not specify them, their values will be 0)
    start_y - The starting y coordinate of where you want the screenshot to start
    start_x - The starting x coordinate of where you want the screenshot to start</doc>
<msg timestamp="20240930 16:59:43.041" level="INFO">Added Vehicle Successfully</msg>
<msg timestamp="20240930 16:59:44.055" level="INFO">[chan 0] Opened sftp connection (server version 3)</msg>
<msg timestamp="20240930 16:59:44.055" level="INFO">Taking Screenshot</msg>
<msg timestamp="20240930 16:59:49.368" level="INFO">Screenshot Successful</msg>
<msg timestamp="20240930 16:59:52.385" level="INFO">stderr is:b"Pseudo-terminal will not be allocated because stdin is not a terminal.\r\nWarning: Permanently added '192.168.211.100' (RSA) to the list of known hosts.\r\nCould not chdir to home directory /root: No such file or directory\n"</msg>
<status status="PASS" starttime="20240930 16:59:43.039" endtime="20240930 16:59:52.385"/>
</kw>
<kw name="Tap Element" library="RTOS_Keywords">
<arg>Position</arg>
<doc>Function to tap a word element on the screen given the element String
Parameters:
    element - The word/letters you are trying to tap</doc>
<msg timestamp="20240930 16:59:52.385" level="WARN">Neither CUDA nor MPS are available - defaulting to CPU. Note: This module is much faster with a GPU.</msg>
<msg timestamp="20240930 16:59:56.169" level="INFO">Attempting to tap Position</msg>
<msg timestamp="20240930 16:59:56.169" level="INFO">([[94, 32], [357, 32], [357, 96], [94, 96]], 'Temperature', 0.9709867503823777)</msg>
<msg timestamp="20240930 16:59:56.169" level="INFO">([[583, 33], [772, 33], [772, 93], [583, 93]], 'Massage', 0.9999967108462834)</msg>
<msg timestamp="20240930 16:59:56.169" level="INFO">([[1045, 33], [1210, 33], [1210, 84], [1045, 84]], 'Position', 0.9999734051921056)</msg>
<msg timestamp="20240930 16:59:56.169" level="INFO">Found Position</msg>
<msg timestamp="20240930 16:59:56.169" level="INFO">Position found at coordinates [[1045, 33], [1210, 33], [1210, 84], [1045, 84]]</msg>
<msg timestamp="20240930 16:59:56.169" level="INFO">Failed to log following message properly: 1127.5</msg>
<msg timestamp="20240930 16:59:56.169" level="INFO">Tapping on X:1127.5 Y:58.5</msg>
<msg timestamp="20240930 16:59:58.186" level="INFO">Tap Successful</msg>
<status status="PASS" starttime="20240930 16:59:52.385" endtime="20240930 16:59:58.205"/>
</kw>
<kw name="Rtos Take Screenshot" library="RTOS_Keywords">
<doc>This function takes a screenshot of the QNX screen. It will automatically adjust the screen size based
on the DISPLAY you have defined on line 38.
Parameters: (These parameters are optional, and if you do not specify them, their values will be 0)
    start_y - The starting y coordinate of where you want the screenshot to start
    start_x - The starting x coordinate of where you want the screenshot to start</doc>
<msg timestamp="20240930 16:59:58.208" level="INFO">Added Vehicle Successfully</msg>
<msg timestamp="20240930 16:59:59.188" level="INFO">[chan 0] Opened sftp connection (server version 3)</msg>
<msg timestamp="20240930 16:59:59.189" level="INFO">Taking Screenshot</msg>
<msg timestamp="20240930 17:00:04.622" level="INFO">Screenshot Successful</msg>
<msg timestamp="20240930 17:00:07.655" level="INFO">stderr is:b"Pseudo-terminal will not be allocated because stdin is not a terminal.\r\nWarning: Permanently added '192.168.211.100' (RSA) to the list of known hosts.\r\nCould not chdir to home directory /root: No such file or directory\n"</msg>
<status status="PASS" starttime="20240930 16:59:58.207" endtime="20240930 17:00:07.655"/>
</kw>
<kw name="Compare Screenshots" library="RTOS_Keywords">
<arg>RCC_BT1YL/RCC_BT1YL_SeatPosition_Homescreen.png</arg>
<arg>0.95</arg>
<doc>Function to locate a given element on the screen and draw a box around it.
Parameters:
    ref_image_name - Path to the image in your Images/References folder you are trying to locate
    threshold - decimal value match percentage between the reference image and the screenshot (0.4 = 40% match)</doc>
<msg timestamp="20240930 17:00:07.773" level="INFO">Match Found!</msg>
<msg timestamp="20240930 17:00:07.773" level="INFO">Searching 'C:\Users\meghanajyothi\AppData\Local\Programs\Python\Python310\Lib\site-packages\MIMAF\qnx\images\dynamic\screenshot.png' with reference image 'd:\FCC&amp;RCC_Scripts\OFFShore\OffShore_Seat_fix's\RTAppsTools\RTAppsTools\Images\References\RCC_BT1YL/RCC_BT1YL_SeatPosition_Homescreen.png':
Reference image 'd:\FCC&amp;RCC_Scripts\OFFShore\OffShore_Seat_fix's\RTAppsTools\RTAppsTools\Images\References\RCC_BT1YL/RCC_BT1YL_SeatPosition_Homescreen.png' found in 'C:\Users\meghanajyothi\AppData\Local\Programs\Python\Python310\Lib\site-packages\MIMAF\qnx\images\dynamic\screenshot.png' with threshold '0.95'
Saved result image to d:\FCC&amp;RCC_Scripts\OFFShore\OffShore_Seat_fix's\RTAppsTools\RTAppsTools\Images\Results\Comparison_Result.png</msg>
<status status="PASS" starttime="20240930 17:00:07.657" endtime="20240930 17:00:07.773"/>
</kw>
<kw name="Verify Text List" library="RTOS_Keywords">
<arg>${Position_Texts}</arg>
<msg timestamp="20240930 17:00:07.773" level="WARN">Neither CUDA nor MPS are available - defaulting to CPU. Note: This module is much faster with a GPU.</msg>
<msg timestamp="20240930 17:00:15.838" level="INFO">['Memory', 'Adjustments', 'Position']</msg>
<msg timestamp="20240930 17:00:15.838" level="INFO">Verifying the presence of Memory</msg>
<msg timestamp="20240930 17:00:15.838" level="INFO">([[92, 32], [357, 32], [357, 94], [92, 94]], 'Temperature', 0.9999693762952043)</msg>
<msg timestamp="20240930 17:00:15.840" level="INFO">([[583, 33], [772, 33], [772, 93], [583, 93]], 'Massage', 0.9999967108462834)</msg>
<msg timestamp="20240930 17:00:15.840" level="INFO">([[1045, 33], [1210, 33], [1210, 84], [1045, 84]], 'Position', 0.9999746696111587)</msg>
<msg timestamp="20240930 17:00:15.840" level="INFO">([[40, 156], [128, 156], [128, 204], [40, 204]], 'Left', 0.9999331831932068)</msg>
<msg timestamp="20240930 17:00:15.840" level="INFO">([[56, 276], [220, 276], [220, 324], [56, 324]], 'Position', 0.985238607981074)</msg>
<msg timestamp="20240930 17:00:15.840" level="INFO">([[1118, 306], [1230, 306], [1230, 362], [1118, 362]], 'Right', 0.9999986671995202)</msg>
<msg timestamp="20240930 17:00:15.840" level="INFO">([[58, 394], [310, 394], [310, 446], [58, 446]], 'Adjustments', 0.9999821721906073)</msg>
<msg timestamp="20240930 17:00:15.840" level="INFO">([[55, 507], [228, 507], [228, 568], [55, 568]], 'Memory', 0.9999745470921264)</msg>
<msg timestamp="20240930 17:00:15.840" level="INFO">Found Memory</msg>
<msg timestamp="20240930 17:00:15.840" level="INFO">Memory found on the screen.</msg>
<msg timestamp="20240930 17:00:15.840" level="INFO">Verifying the presence of Adjustments</msg>
<msg timestamp="20240930 17:00:15.840" level="INFO">([[92, 32], [357, 32], [357, 94], [92, 94]], 'Temperature', 0.9999693762952043)</msg>
<msg timestamp="20240930 17:00:15.840" level="INFO">([[583, 33], [772, 33], [772, 93], [583, 93]], 'Massage', 0.9999967108462834)</msg>
<msg timestamp="20240930 17:00:15.840" level="INFO">([[1045, 33], [1210, 33], [1210, 84], [1045, 84]], 'Position', 0.9999746696111587)</msg>
<msg timestamp="20240930 17:00:15.840" level="INFO">([[40, 156], [128, 156], [128, 204], [40, 204]], 'Left', 0.9999331831932068)</msg>
<msg timestamp="20240930 17:00:15.840" level="INFO">([[56, 276], [220, 276], [220, 324], [56, 324]], 'Position', 0.985238607981074)</msg>
<msg timestamp="20240930 17:00:15.840" level="INFO">([[1118, 306], [1230, 306], [1230, 362], [1118, 362]], 'Right', 0.9999986671995202)</msg>
<msg timestamp="20240930 17:00:15.844" level="INFO">([[58, 394], [310, 394], [310, 446], [58, 446]], 'Adjustments', 0.9999821721906073)</msg>
<msg timestamp="20240930 17:00:15.844" level="INFO">Found Adjustments</msg>
<msg timestamp="20240930 17:00:15.844" level="INFO">Adjustments found on the screen.</msg>
<msg timestamp="20240930 17:00:15.844" level="INFO">Verifying the presence of Position</msg>
<msg timestamp="20240930 17:00:15.844" level="INFO">([[92, 32], [357, 32], [357, 94], [92, 94]], 'Temperature', 0.9999693762952043)</msg>
<msg timestamp="20240930 17:00:15.844" level="INFO">([[583, 33], [772, 33], [772, 93], [583, 93]], 'Massage', 0.9999967108462834)</msg>
<msg timestamp="20240930 17:00:15.844" level="INFO">([[1045, 33], [1210, 33], [1210, 84], [1045, 84]], 'Position', 0.9999746696111587)</msg>
<msg timestamp="20240930 17:00:15.844" level="INFO">Found Position</msg>
<msg timestamp="20240930 17:00:15.844" level="INFO">Position found on the screen.</msg>
<msg timestamp="20240930 17:00:15.844" level="INFO">Found all elements!</msg>
<status status="PASS" starttime="20240930 17:00:07.773" endtime="20240930 17:00:15.846"/>
</kw>
<kw name="Tap Element Crop" library="RTOS_Keywords">
<arg>Right</arg>
<arg>304</arg>
<arg>355</arg>
<arg>1118</arg>
<arg>1232</arg>
<doc>Function to crop the screenshot in order to tap a word element on the screen given the element String
[...]
<msg timestamp="20240930 17:08:24.477" level="INFO">Failed to log following message properly: 56.0</msg>
<msg timestamp="20240930 17:08:24.477" level="INFO">Tapping on X:1174.0 Y:330.5</msg>
<msg timestamp="20240930 17:08:26.513" level="INFO">Tap Successful</msg>
<msg timestamp="20240930 17:08:26.513" level="INFO">Tap Succesful</msg>
<status status="PASS" starttime="20240930 17:08:22.331" endtime="20240930 17:08:26.513"/>
</kw>
<kw name="Rtos Take Screenshot" library="RTOS_Keywords">
<doc>This function takes a screenshot of the QNX screen. It will automatically adjust the screen size based
on the DISPLAY you have defined on line 38.
Parameters: (These parameters are optional, and if you do not specify them, their values will be 0)
    start_y - The starting y coordinate of where you want the screenshot to start
    start_x - The starting x coordinate of where you want the screenshot to start</doc>
<msg timestamp="20240930 17:08:26.516" level="INFO">Added Vehicle Successfully</msg>
<msg timestamp="20240930 17:08:27.507" level="INFO">[chan 0] Opened sftp connection (server version 3)</msg>
<msg timestamp="20240930 17:08:27.513" level="INFO">Taking Screenshot</msg>
<msg timestamp="20240930 17:08:32.960" level="INFO">Screenshot Successful</msg>
<msg timestamp="20240930 17:08:35.978" level="INFO">stderr is:b"Pseudo-terminal will not be allocated because stdin is not a terminal.\r\nWarning: Permanently added '192.168.211.100' (RSA) to the list of known hosts.\r\nCould not chdir to home directory /root: No such file or directory\n"</msg>
<status status="PASS" starttime="20240930 17:08:26.515" endtime="20240930 17:08:35.979"/>
</kw>
<kw name="Hold Element Picture Crop Screenshot" library="RTOS_Keywords">
<arg>RCC_BT1YL/RCC_BT1YL_Seat_massageLeftroll.png</arg>
<arg>0.2</arg>
<arg>326</arg>
<arg>385</arg>
<arg>1229</arg>
<arg>1281</arg>
<doc>Function to narrow down the element you are trying to touch by cropping the screenshot image.</doc>
<msg timestamp="20240930 17:08:36.002" level="INFO">Searching 'C:\Users\meghanajyothi\AppData\Local\Programs\Python\Python310\Lib\site-packages\MIMAF\qnx\images\dynamic\screenshot.png' with reference image 'd:\FCC&amp;RCC_Scripts\OFFShore\OffShore_Seat_fix's\RTAppsTools\RTAppsTools\Images\References\RCC_BT1YL/RCC_BT1YL_Seat_massageLeftroll.png' and returning coordinates:</msg>
<msg timestamp="20240930 17:08:36.004" level="INFO">Done writing rectangle area of interest</msg>
<msg timestamp="20240930 17:08:36.019" level="INFO">Reference image 'd:\FCC&amp;RCC_Scripts\OFFShore\OffShore_Seat_fix's\RTAppsTools\RTAppsTools\Images\References\RCC_BT1YL/RCC_BT1YL_Seat_massageLeftroll.png' found in 'd:\FCC&amp;RCC_Scripts\OFFShore\OffShore_Seat_fix's\RTAppsTools\RTAppsTools\Images\Results\Tap_AOI.png' with threshold '0.2'</msg>
<msg timestamp="20240930 17:08:36.020" level="INFO">Coordinates of 'RCC_BT1YL/RCC_BT1YL_Seat_massageLeftroll.png': 48, 31, 376, 114 (x, y, w, h)</msg>
<msg timestamp="20240930 17:08:36.020" level="INFO">Centered coordinates are: 236, 88 (x, y)</msg>
<msg timestamp="20240930 17:08:36.020" level="INFO">Tapping: 1465, 414</msg>
<msg timestamp="20240930 17:08:36.020" level="INFO">Hold on: X:1465 Y:414</msg>
<msg timestamp="20240930 17:08:39.233" level="INFO">Hold Successful</msg>
<msg timestamp="20240930 17:08:39.233" level="INFO">Taking Screenshot</msg>
<msg timestamp="20240930 17:08:44.735" level="INFO">Screenshot Successful</msg>
<status status="PASS" starttime="20240930 17:08:35.980" endtime="20240930 17:08:44.736"/>
</kw>
<kw name="Compare Screenshots" library="RTOS_Keywords">
<arg>RCC_BT1YL/RCC_BT1YL_SeatmassageRight_Roll_pressedstate.png</arg>
<arg>0.95</arg>
<doc>Function to locate a given element on the screen and draw a box around it.
Parameters:
    ref_image_name - Path to the image in your Images/References folder you are trying to locate
    threshold - decimal value match percentage between the reference image and the screenshot (0.4 = 40% match)</doc>
<msg timestamp="20240930 17:08:44.891" level="INFO">Match Found!</msg>
<msg timestamp="20240930 17:08:44.892" level="INFO">Searching 'C:\Users\meghanajyothi\AppData\Local\Programs\Python\Python310\Lib\site-packages\MIMAF\qnx\images\dynamic\screenshot.png' with reference image 'd:\FCC&amp;RCC_Scripts\OFFShore\OffShore_Seat_fix's\RTAppsTools\RTAppsTools\Images\References\RCC_BT1YL/RCC_BT1YL_SeatmassageRight_Roll_pressedstate.png':
Reference image 'd:\FCC&amp;RCC_Scripts\OFFShore\OffShore_Seat_fix's\RTAppsTools\RTAppsTools\Images\References\RCC_BT1YL/RCC_BT1YL_SeatmassageRight_Roll_pressedstate.png' found in 'C:\Users\meghanajyothi\AppData\Local\Programs\Python\Python310\Lib\site-packages\MIMAF\qnx\images\dynamic\screenshot.png' with threshold '0.95'
Saved result image to d:\FCC&amp;RCC_Scripts\OFFShore\OffShore_Seat_fix's\RTAppsTools\RTAppsTools\Images\Results\Comparison_Result.png</msg>
<status status="PASS" starttime="20240930 17:08:44.738" endtime="20240930 17:08:44.892"/>
</kw>
<kw name="Rtos Take Screenshot" library="RTOS_Keywords">
<doc>This function takes a screenshot of the QNX screen. It will automatically adjust the screen size based
on the DISPLAY you have defined on line 38.
Parameters: (These parameters are optional, and if you do not specify them, their values will be 0)
    start_y - The starting y coordinate of where you want the screenshot to start
    start_x - The starting x coordinate of where you want the screenshot to start</doc>
<msg timestamp="20240930 17:08:44.894" level="INFO">Added Vehicle Successfully</msg>
<msg timestamp="20240930 17:08:46.423" level="INFO">[chan 0] Opened sftp connection (server version 3)</msg>
<msg timestamp="20240930 17:08:46.433" level="INFO">Taking Screenshot</msg>
<msg timestamp="20240930 17:08:51.874" level="INFO">Screenshot Successful</msg>
<msg timestamp="20240930 17:08:54.903" level="INFO">stderr is:b"Pseudo-terminal will not be allocated because stdin is not a terminal.\r\nWarning: Permanently added '192.168.211.100' (RSA) to the list of known hosts.\r\nCould not chdir to home directory /root: No such file or directory\n"</msg>
<status status="PASS" starttime="20240930 17:08:44.893" endtime="20240930 17:08:54.903"/>
</kw>
<kw name="Tap Element Picture Crop" library="RTOS_Keywords">
<arg>RCC_BT1YL/RCC_BT1YL_HVAC_Coord.png</arg>
<arg>0.8</arg>
<arg>738</arg>
<arg>761</arg>
<arg>406</arg>
<arg>438</arg>
<doc>Function to narrow down the element you are trying to touch by cropping the screenshot image.
Parameters:
    element - Path to the image in your Images/References folder you are trying to tap
    threshold - decimal value match percentage between the reference image and the screenshot (0.4 = 40% match)
    y1 - Starting y-coordinate of your area of interest
    y2 - Ending y-coordinate of your area of interest
    x1 - Starting x-coordinate of your area of interest
    x2 - Ending x-coordinate of your area of interest
NOTE: Cut from the right or top side until the duplicate element is missing. This way the coordinates won't change</doc>
<msg timestamp="20240930 17:08:54.923" level="INFO">Searching 'C:\Users\meghanajyothi\AppData\Local\Programs\Python\Python310\Lib\site-packages\MIMAF\qnx\images\dynamic\screenshot.png' with reference image 'd:\FCC&amp;RCC_Scripts\OFFShore\OffShore_Seat_fix's\RTAppsTools\RTAppsTools\Images\References\RCC_BT1YL/RCC_BT1YL_HVAC_Coord.png' and returning coordinates:</msg>
<msg timestamp="20240930 17:08:54.925" level="INFO">Done writing rectangle area of interest</msg>
<msg timestamp="20240930 17:08:54.942" level="INFO">Reference image 'd:\FCC&amp;RCC_Scripts\OFFShore\OffShore_Seat_fix's\RTAppsTools\RTAppsTools\Images\References\RCC_BT1YL/RCC_BT1YL_HVAC_Coord.png' found in 'd:\FCC&amp;RCC_Scripts\OFFShore\OffShore_Seat_fix's\RTAppsTools\RTAppsTools\Images\Results\Tap_AOI.png' with threshold '0.8'</msg>
<msg timestamp="20240930 17:08:54.943" level="INFO">Coordinates of 'RCC_BT1YL/RCC_BT1YL_HVAC_Coord.png': 24, 23, 84, 86 (x, y, w, h)</msg>
<msg timestamp="20240930 17:08:54.943" level="INFO">Centered coordinates are: 66, 66 (x, y)</msg>
<msg timestamp="20240930 17:08:54.943" level="INFO">Tapping: 472, 804</msg>
<msg timestamp="20240930 17:08:54.943" level="INFO">Tapping on X:472 Y:804</msg>
<msg timestamp="20240930 17:08:56.988" level="INFO">Tap Successful</msg>
<status status="PASS" starttime="20240930 17:08:54.904" endtime="20240930 17:08:56.989"/>
</kw>
<kw name="Rtos Take Screenshot" library="RTOS_Keywords">
<doc>This function takes a screenshot of the QNX screen. It will automatically adjust the screen size based
on the DISPLAY you have defined on line 38.
Parameters: (These parameters are optional, and if you do not specify them, their values will be 0)
    start_y - The starting y coordinate of where you want the screenshot to start
    start_x - The starting x coordinate of where you want the screenshot to start</doc>
<msg timestamp="20240930 17:08:56.994" level="INFO">Added Vehicle Successfully</msg>
<msg timestamp="20240930 17:08:57.990" level="INFO">[chan 0] Opened sftp connection (server version 3)</msg>
<msg timestamp="20240930 17:08:57.994" level="INFO">Taking Screenshot</msg>
<msg timestamp="20240930 17:09:03.399" level="INFO">Screenshot Successful</msg>
<msg timestamp="20240930 17:09:06.421" level="INFO">stderr is:b"Pseudo-terminal will not be allocated because stdin is not a terminal.\r\nWarning: Permanently added '192.168.211.100' (RSA) to the list of known hosts.\r\nCould not chdir to home directory /root: No such file or directory\n"</msg>
<status status="PASS" starttime="20240930 17:08:56.992" endtime="20240930 17:09:06.422"/>
</kw>
<kw name="Tap Element Picture Crop" library="RTOS_Keywords">
<arg>RCC_BT1YL/RCC_BT1YL_Seat_app.png</arg>
<arg>0.8</arg>
<arg>744</arg>
<arg>767</arg>
<arg>674</arg>
<arg>688</arg>
<doc>Function to narrow down the element you are trying to touch by cropping the screenshot image.
Parameters:
    element - Path to the image in your Images/References folder you are trying to tap
    threshold - decimal value match percentage between the reference image and the screenshot (0.4 = 40% match)
    y1 - Starting y-coordinate of your area of interest
    y2 - Ending y-coordinate of your area of interest
    x1 - Starting x-coordinate of your area of interest
    x2 - Ending x-coordinate of your area of interest
NOTE: Cut from the right or top side until the duplicate element is missing. This way the coordinates won't change</doc>
<msg timestamp="20240930 17:09:06.441" level="INFO">Searching 'C:\Users\meghanajyothi\AppData\Local\Programs\Python\Python310\Lib\site-packages\MIMAF\qnx\images\dynamic\screenshot.png' with reference image 'd:\FCC&amp;RCC_Scripts\OFFShore\OffShore_Seat_fix's\RTAppsTools\RTAppsTools\Images\References\RCC_BT1YL/RCC_BT1YL_Seat_app.png' and returning coordinates:</msg>
<msg timestamp="20240930 17:09:06.445" level="INFO">Done writing rectangle area of interest</msg>
<msg timestamp="20240930 17:09:06.461" level="INFO">Reference image 'd:\FCC&amp;RCC_Scripts\OFFShore\OffShore_Seat_fix's\RTAppsTools\RTAppsTools\Images\References\RCC_BT1YL/RCC_BT1YL_Seat_app.png' found in 'd:\FCC&amp;RCC_Scripts\OFFShore\OffShore_Seat_fix's\RTAppsTools\RTAppsTools\Images\Results\Tap_AOI.png' with threshold '0.8'</msg>
<msg timestamp="20240930 17:09:06.462" level="INFO">Coordinates of 'RCC_BT1YL/RCC_BT1YL_Seat_app.png': 29, 18, 59, 59 (x, y, w, h)</msg>
<msg timestamp="20240930 17:09:06.462" level="INFO">Centered coordinates are: 58, 48 (x, y)</msg>
<msg timestamp="20240930 17:09:06.462" level="INFO">Tapping: 732, 792</msg>
<msg timestamp="20240930 17:09:06.462" level="INFO">Tapping on X:732 Y:792</msg>
<msg timestamp="20240930 17:09:08.684" level="INFO">Tap Successful</msg>
<status status="PASS" starttime="20240930 17:09:06.423" endtime="20240930 17:09:08.684"/>
</kw>
<kw name="Rtos Take Screenshot" library="RTOS_Keywords">
<arg>screenshot</arg>
<arg>[1920,200]</arg>
<arg>[0,0]</arg>
<doc>This function takes a screenshot of the QNX screen. It will automatically adjust the screen size based
on the DISPLAY you have defined on line 38.
Parameters: (These parameters are optional, and if you do not specify them, their values will be 0)
    start_y - The starting y coordinate of where you want the screenshot to start
    start_x - The starting x coordinate of where you want the screenshot to start</doc>
<msg timestamp="20240930 17:09:08.687" level="INFO">Added Vehicle Successfully</msg>
<msg timestamp="20240930 17:09:09.639" level="INFO">[chan 0] Opened sftp connection (server version 3)</msg>
<msg timestamp="20240930 17:09:09.643" level="INFO">Taking Screenshot</msg>
<msg timestamp="20240930 17:09:14.761" level="INFO">Screenshot Successful</msg>
<msg timestamp="20240930 17:09:17.778" level="INFO">stderr is:b"Pseudo-terminal will not be allocated because stdin is not a terminal.\r\nWarning: Permanently added '192.168.211.100' (RSA) to the list of known hosts.\r\nCould not chdir to home directory /root: No such file or directory\n"</msg>
<status status="PASS" starttime="20240930 17:09:08.685" endtime="20240930 17:09:17.779"/>
</kw>
<kw name="Hold Element Picture Crop Screenshot" library="RTOS_Keywords">
<arg>RCC_BT1YL/RCC_BT1YL_seat_temptab.png</arg>
<arg>0.4</arg>
<arg>39</arg>
<arg>72</arg>
<arg>95</arg>
<arg>342</arg>
<doc>Function to narrow down the element you are trying to touch by cropping the screenshot image.</doc>
<msg timestamp="20240930 17:09:17.811" level="INFO">Searching 'C:\Users\meghanajyothi\AppData\Local\Programs\Python\Python310\Lib\site-packages\MIMAF\qnx\images\dynamic\screenshot.png' with reference image 'd:\FCC&amp;RCC_Scripts\OFFShore\OffShore_Seat_fix's\RTAppsTools\RTAppsTools\Images\References\RCC_BT1YL/RCC_BT1YL_seat_temptab.png' and returning coordinates:</msg>
<msg timestamp="20240930 17:09:17.813" level="INFO">Done writing rectangle area of interest</msg>
<msg timestamp="20240930 17:09:17.834" level="INFO">Reference image 'd:\FCC&amp;RCC_Scripts\OFFShore\OffShore_Seat_fix's\RTAppsTools\RTAppsTools\Images\References\RCC_BT1YL/RCC_BT1YL_seat_temptab.png' found in 'd:\FCC&amp;RCC_Scripts\OFFShore\OffShore_Seat_fix's\RTAppsTools\RTAppsTools\Images\Results\Tap_AOI.png' with threshold '0.4'</msg>
<msg timestamp="20240930 17:09:17.835" level="INFO">Coordinates of 'RCC_BT1YL/RCC_BT1YL_seat_temptab.png': 14, 20, 311, 86 (x, y, w, h)</msg>
<msg timestamp="20240930 17:09:17.835" level="INFO">Centered coordinates are: 170, 63 (x, y)</msg>
<msg timestamp="20240930 17:09:17.835" level="INFO">Tapping: 265, 102</msg>
<msg timestamp="20240930 17:09:17.835" level="INFO">Hold on: X:265 Y:102</msg>
<msg timestamp="20240930 17:09:21.017" level="INFO">Hold Successful</msg>
<msg timestamp="20240930 17:09:21.017" level="INFO">Taking Screenshot</msg>
<msg timestamp="20240930 17:09:26.700" level="INFO">Screenshot Successful</msg>
<status status="PASS" starttime="20240930 17:09:17.781" endtime="20240930 17:09:26.701"/>
</kw>
<kw name="Compare Screenshots" library="RTOS_Keywords">
<arg>RCC_BT1YL/RCC_BT1YL_Seat_Temp_Pressedstate.png</arg>
<arg>0.95</arg>
<doc>Function to locate a given element on the screen and draw a box around it.
Parameters:
    ref_image_name - Path to the image in your Images/References folder you are trying to locate
    threshold - decimal value match percentage between the reference image and the screenshot (0.4 = 40% match)</doc>
<msg timestamp="20240930 17:09:26.865" level="INFO">Match Found!</msg>
<msg timestamp="20240930 17:09:26.865" level="INFO">Searching 'C:\Users\meghanajyothi\AppData\Local\Programs\Python\Python310\Lib\site-packages\MIMAF\qnx\images\dynamic\screenshot.png' with reference image 'd:\FCC&amp;RCC_Scripts\OFFShore\OffShore_Seat_fix's\RTAppsTools\RTAppsTools\Images\References\RCC_BT1YL/RCC_BT1YL_Seat_Temp_Pressedstate.png':
Reference image 'd:\FCC&amp;RCC_Scripts\OFFShore\OffShore_Seat_fix's\RTAppsTools\RTAppsTools\Images\References\RCC_BT1YL/RCC_BT1YL_Seat_Temp_Pressedstate.png' found in 'C:\Users\meghanajyothi\AppData\Local\Programs\Python\Python310\Lib\site-packages\MIMAF\qnx\images\dynamic\screenshot.png' with threshold '0.95'
Saved result image to d:\FCC&amp;RCC_Scripts\OFFShore\OffShore_Seat_fix's\RTAppsTools\RTAppsTools\Images\Results\Comparison_Result.png</msg>
<status status="PASS" starttime="20240930 17:09:26.702" endtime="20240930 17:09:26.865"/>
</kw>
<status status="PASS" starttime="20240930 17:06:44.207" endtime="20240930 17:09:26.866"/>
</test>
<status status="PASS" starttime="20240930 16:56:21.915" endtime="20240930 17:09:26.868"/>
</suite>
<statistics>
<total>
<stat pass="8" fail="0" skip="0">All Tests</stat>
</total>
<tag>
</tag>
<suite>
<stat pass="8" fail="0" skip="0" id="s1" name="RCC BT1YL Seat  Sanity">RCC BT1YL Seat  Sanity</stat>
</suite>
</statistics>
<errors>
<msg timestamp="20240930 16:58:33.414" level="WARN">Neither CUDA nor MPS are available - defaulting to CPU. Note: This module is much faster with a GPU.</msg>
<msg timestamp="20240930 16:58:36.929" level="WARN">Neither CUDA nor MPS are available - defaulting to CPU. Note: This module is much faster with a GPU.</msg>
<msg timestamp="20240930 16:58:52.141" level="WARN">Neither CUDA nor MPS are available - defaulting to CPU. Note: This module is much faster with a GPU.</msg>
<msg timestamp="20240930 16:59:15.461" level="WARN">Neither CUDA nor MPS are available - defaulting to CPU. Note: This module is much faster with a GPU.</msg>
<msg timestamp="20240930 16:59:52.385" level="WARN">Neither CUDA nor MPS are available - defaulting to CPU. Note: This module is much faster with a GPU.</msg>
<msg timestamp="20240930 17:00:07.773" level="WARN">Neither CUDA nor MPS are available - defaulting to CPU. Note: This module is much faster with a GPU.</msg>
<msg timestamp="20240930 17:00:15.866" level="WARN">Neither CUDA nor MPS are available - defaulting to CPU. Note: This module is much faster with a GPU.</msg>
<msg timestamp="20240930 17:00:39.376" level="WARN">Neither CUDA nor MPS are available - defaulting to CPU. Note: This module is much faster with a GPU.</msg>
<msg timestamp="20240930 17:01:16.161" level="WARN">Neither CUDA nor MPS are available - defaulting to CPU. Note: This module is much faster with a GPU.</msg>
<msg timestamp="20240930 17:01:41.160" level="WARN">Neither CUDA nor MPS are available - defaulting to CPU. Note: This module is much faster with a GPU.</msg>
<msg timestamp="20240930 17:02:05.963" level="WARN">Neither CUDA nor MPS are available - defaulting to CPU. Note: This module is much faster with a GPU.</msg>
<msg timestamp="20240930 17:04:35.708" level="WARN">Neither CUDA nor MPS are available - defaulting to CPU. Note: This module is much faster with a GPU.</msg>
<msg timestamp="20240930 17:05:02.703" level="WARN">Neither CUDA nor MPS are available - defaulting to CPU. Note: This module is much faster with a GPU.</msg>
<msg timestamp="20240930 17:05:27.940" level="WARN">Neither CUDA nor MPS are available - defaulting to CPU. Note: This module is much faster with a GPU.</msg>
<msg timestamp="20240930 17:05:41.576" level="WARN">Neither CUDA nor MPS are available - defaulting to CPU. Note: This module is much faster with a GPU.</msg>
<msg timestamp="20240930 17:06:00.200" level="WARN">Neither CUDA nor MPS are available - defaulting to CPU. Note: This module is much faster with a GPU.</msg>
<msg timestamp="20240930 17:06:13.762" level="WARN">Neither CUDA nor MPS are available - defaulting to CPU. Note: This module is much faster with a GPU.</msg>
<msg timestamp="20240930 17:07:37.233" level="WARN">Neither CUDA nor MPS are available - defaulting to CPU. Note: This module is much faster with a GPU.</msg>
<msg timestamp="20240930 17:07:59.774" level="WARN">Neither CUDA nor MPS are available - defaulting to CPU. Note: This module is much faster with a GPU.</msg>
<msg timestamp="20240930 17:08:22.341" level="WARN">Neither CUDA nor MPS are available - defaulting to CPU. Note: This module is much faster with a GPU.</msg>
</errors>
</robot>
